[+] Containers:
 |- [+] Container: /Game/ThirdPerson/Maps/ThirdPersonMap
 |   |- [+] ActorDescs:
 |   |   |- Guid:03E45BB943625F4FB9D8128D49C2249F BaseClass: NativeClass:/Script/Engine.StaticMeshActor Name:StaticMeshActor_UAID_00155D38A43DF8CF01_1249456420 Label:SM_Bush_Large4 SpatiallyLoaded:1 Bounds:IsValid=true, Min=(X=2418.170 Y=4229.285 Z=571.181), Max=(X=3411.040 Y=5227.488 Z=1066.104) RuntimeGrid:None EditorOnly:0 RuntimeOnly:0 HLODRelevant:1 ListedInSceneOutliner:1 IsMainWorldOnly:0
 |   |   |- Guid:03F3FF2A44866A425B4714811138F07F BaseClass: NativeClass:/Script/Engine.StaticMeshActor Name:StaticMeshActor_UAID_00155D38A43DF4CF01_2006001707 Label:SM_Rock_7 SpatiallyLoaded:1 Bounds:IsValid=true, Min=(X=1981.662 Y=-1738.889 Z=548.164), Max=(X=4060.000 Y=428.638 Z=2806.608) RuntimeGrid:None EditorOnly:0 RuntimeOnly:0 HLODRelevant:1 ListedInSceneOutliner:1 IsMainWorldOnly:0
 |   |   |- Guid:04186F3B420A0270B7E1B6A1CA99F0FC BaseClass: NativeClass:/Script/Landscape.LandscapeStreamingProxy Name:LandscapeStreamingProxy_1TM89ZHLX9JV6T9RQ5IWQTMCH_1020_3_3_0 Label:LandscapeStreamingProxy_3_3_0 SpatiallyLoaded:1 Bounds:IsValid=true, Min=(X=4114.627 Y=4440.926 Z=645.358), Max=(X=6154.627 Y=6480.926 Z=654.701) RuntimeGrid:None EditorOnly:0 RuntimeOnly:0 HLODRelevant:1 ListedInSceneOutliner:1 IsMainWorldOnly:0
 |   |   |- Guid:05148F1E40DF423F32AFE494D87D6D63 BaseClass: NativeClass:/Script/Engine.StaticMeshActor Name:StaticMeshActor_UAID_00155D38A43DF8CF01_1288179421 Label:SM_Bush_Large5 SpatiallyLoaded:1 Bounds:IsValid=true, Min=(X=162.768 Y=4087.175 Z=559.241), Max=(X=1514.883 Y=5297.146 Z=1054.164) RuntimeGrid:None EditorOnly:0 RuntimeOnly:0 HLODRelevant:1 ListedInSceneOutliner:1 IsMainWorldOnly:0
 |   |   |- Guid:0CBE2F444068867CF6C84D9F06988C11 BaseClass: NativeClass:/Script/Engine.StaticMeshActor Name:StaticMeshActor_UAID_00155D38A43DF8CF01_1429877426 Label:SM_Bush_Large7 SpatiallyLoaded:1 Bounds:IsValid=true, Min=(X=-561.981 Y=264.259 Z=913.193), Max=(X=590.351 Y=1604.430 Z=1408.116) RuntimeGrid:None EditorOnly:0 RuntimeOnly:0 HLODRelevant:1 ListedInSceneOutliner:1 IsMainWorldOnly:0
 |   |   |- Guid:15F5690D411463815749C981913CE5A2 BaseClass: NativeClass:/Script/Landscape.LandscapeStreamingProxy Name:LandscapeStreamingProxy_1TM89ZHLX9JV6T9RQ5IWQTMCH_1020_2_3_0 Label:LandscapeStreamingProxy_2_3_0 SpatiallyLoaded:1 Bounds:IsValid=true, Min=(X=2074.627 Y=4440.926 Z=645.358), Max=(X=4114.627 Y=6480.926 Z=704.467) RuntimeGrid:None EditorOnly:0 RuntimeOnly:0 HLODRelevant:1 ListedInSceneOutliner:1 IsMainWorldOnly:0
 |   |   |- Guid:1805623445829A56056387B6467DFEAA BaseClass: NativeClass:/Script/Engine.StaticMeshActor Name:StaticMeshActor_UAID_00155D38A43DF8CF01_1429879427 Label:SM_Bush_Large8 SpatiallyLoaded:1 Bounds:IsValid=true, Min=(X=1055.111 Y=-391.323 Z=925.133), Max=(X=2099.798 Y=650.655 Z=1420.056) RuntimeGrid:None EditorOnly:0 RuntimeOnly:0 HLODRelevant:1 ListedInSceneOutliner:1 IsMainWorldOnly:0
 |   |   |- Guid:2481734342BCBEAE162BFDA910A8F32E BaseClass: NativeClass:/Script/Landscape.LandscapeStreamingProxy Name:LandscapeStreamingProxy_1TM89ZHLX9JV6T9RQ5IWQTMCH_1020_2_2_0 Label:LandscapeStreamingProxy_2_2_0 SpatiallyLoaded:1 Bounds:IsValid=true, Min=(X=2074.627 Y=2400.926 Z=648.998), Max=(X=4114.627 Y=4440.926 Z=730.701) RuntimeGrid:None EditorOnly:0 RuntimeOnly:0 HLODRelevant:1 ListedInSceneOutliner:1 IsMainWorldOnly:0
 |   |   |- Guid:2B0B44EF46ADC9A09EAC94B3F1FF7B68 BaseClass: NativeClass:/Script/Engine.StaticMeshActor Name:StaticMeshActor_UAID_00155D38A43DF8CF01_1102226418 Label:SM_Bush_Large2 SpatiallyLoaded:1 Bounds:IsValid=true, Min=(X=-327.846 Y=-43.433 Z=925.133), Max=(X=714.132 Y=1001.253 Z=1420.056) RuntimeGrid:None EditorOnly:0 RuntimeOnly:0 HLODRelevant:1 ListedInSceneOutliner:1 IsMainWorldOnly:0
 |   |   |- Guid:2BF1D5994ADF1FD34A9447A2B0F505AD BaseClass: NativeClass:/Script/Landscape.LandscapeStreamingProxy Name:LandscapeStreamingProxy_1TM89ZHLX9JV6T9RQ5IWQTMCH_1020_0_0_0 Label:LandscapeStreamingProxy_0_0_0 SpatiallyLoaded:1 Bounds:IsValid=true, Min=(X=-2005.373 Y=-1679.074 Z=647.358), Max=(X=34.627 Y=360.926 Z=1127.311) RuntimeGrid:None EditorOnly:0 RuntimeOnly:0 HLODRelevant:1 ListedInSceneOutliner:1 IsMainWorldOnly:0
 |   |   |- Guid:2C19FC5547711583178BE8BDD18BA46D BaseClass: NativeClass:/Script/Engine.StaticMeshActor Name:StaticMeshActor_UAID_00155D38A43DF8CF01_1481600428 Label:SM_Bush_Large9 SpatiallyLoaded:1 Bounds:IsValid=true, Min=(X=-322.827 Y=3473.253 Z=559.241), Max=(X=887.143 Y=4825.368 Z=1054.164) RuntimeGrid:None EditorOnly:0 RuntimeOnly:0 HLODRelevant:1 ListedInSceneOutliner:1 IsMainWorldOnly:0
 |   |   |- Guid:2FB58999456391D349DC0F86DAC136ED BaseClass: NativeClass:/Script/Engine.SkyLight Name:SkyLight_1 Label:SkyLight SpatiallyLoaded:0 Bounds:IsValid=true, Min=(X=0.000 Y=0.000 Z=690.000), Max=(X=0.000 Y=0.000 Z=690.000) RuntimeGrid:None EditorOnly:0 RuntimeOnly:0 HLODRelevant:0 ListedInSceneOutliner:1 IsMainWorldOnly:0 FolderPath:Lighting FolderGuid:963EC3EB4002CCE9759E2EBA541A873A
 |   |   |- Guid:316CF2A6494ACA4C0E4180A87D36AB8F BaseClass: NativeClass:/Script/Engine.ExponentialHeightFog Name:ExponentialHeightFog_0 Label:ExponentialHeightFog SpatiallyLoaded:0 Bounds:IsValid=true, Min=(X=-5600.000 Y=-50.000 Z=-6850.000), Max=(X=-5600.000 Y=-50.000 Z=-6850.000) RuntimeGrid:None EditorOnly:0 RuntimeOnly:0 HLODRelevant:0 ListedInSceneOutliner:1 IsMainWorldOnly:0 FolderPath:Lighting FolderGuid:963EC3EB4002CCE9759E2EBA541A873A
 |   |   |- Guid:360F884C4D0486624CA37B9E850E2E8E BaseClass: NativeClass:/Script/Engine.StaticMeshActor Name:StaticMeshActor_UAID_00155D38A43DE0CF01_2112666182 Label:Boundary Back SpatiallyLoaded:1 Bounds:IsValid=true, Min=(X=147.047 Y=217.337 Z=549.123), Max=(X=497.047 Y=4567.337 Z=2224.123) RuntimeGrid:None EditorOnly:0 RuntimeOnly:0 HLODRelevant:0 ListedInSceneOutliner:1 IsMainWorldOnly:0
 |   |   |- Guid:3973983049F329CC817FACA14A45678D BaseClass: NativeClass:/Script/Engine.StaticMeshActor Name:StaticMeshActor_UAID_00155D38A43DF8CF01_1562038430 Label:SM_Bush_Large10 SpatiallyLoaded:1 Bounds:IsValid=true, Min=(X=2971.352 Y=1958.940 Z=554.374), Max=(X=3964.222 Y=2957.143 Z=1049.297) RuntimeGrid:None EditorOnly:0 RuntimeOnly:0 HLODRelevant:1 ListedInSceneOutliner:1 IsMainWorldOnly:0
 |   |   |- Guid:3A00AA1C422CE54C0BDB60BAF471BFBB BaseClass: NativeClass:/Script/Engine.PlayerStart Name:PlayerStart_0 Label:PlayerStart SpatiallyLoaded:0 Bounds:IsValid=true, Min=(X=948.156 Y=950.653 Z=1147.185), Max=(X=1028.156 Y=1030.653 Z=1331.185) RuntimeGrid:None EditorOnly:0 RuntimeOnly:0 HLODRelevant:0 ListedInSceneOutliner:1 IsMainWorldOnly:0
 |   |   |- Guid:3C0010D1422BA9225D50248FA1EBB305 BaseClass: NativeClass:/Script/Landscape.LandscapeStreamingProxy Name:LandscapeStreamingProxy_1TM89ZHLX9JV6T9RQ5IWQTMCH_1020_1_1_0 Label:LandscapeStreamingProxy_1_1_0 SpatiallyLoaded:1 Bounds:IsValid=true, Min=(X=34.627 Y=360.926 Z=661.983), Max=(X=2074.627 Y=2400.926 Z=1159.295) RuntimeGrid:None EditorOnly:0 RuntimeOnly:0 HLODRelevant:1 ListedInSceneOutliner:1 IsMainWorldOnly:0
 |   |   |- Guid:4345005E4132C2AC7DCDF48941B5BE46 BaseClass: NativeClass:/Script/Engine.StaticMeshActor Name:StaticMeshActor_UAID_00155D38A43DF8CF01_1598564431 Label:SM_Rock_11 SpatiallyLoaded:1 Bounds:IsValid=true, Min=(X=3106.708 Y=1633.908 Z=-502.624), Max=(X=5267.832 Y=4077.146 Z=2004.201) RuntimeGrid:None EditorOnly:0 RuntimeOnly:0 HLODRelevant:1 ListedInSceneOutliner:1 IsMainWorldOnly:0
 |   |   |- Guid:45F5D62A4E6BE399B29C93AAB2BA21A2 BaseClass: NativeClass:/Script/Engine.StaticMeshActor Name:StaticMeshActor_UAID_00155D38A43DF8CF01_1598566433 Label:SM_Rock_13 SpatiallyLoaded:1 Bounds:IsValid=true, Min=(X=3049.564 Y=961.886 Z=27.433), Max=(X=4691.419 Y=3013.297 Z=1840.963) RuntimeGrid:None EditorOnly:0 RuntimeOnly:0 HLODRelevant:1 ListedInSceneOutliner:1 IsMainWorldOnly:0
 |   |   |- Guid:4B7211A046EE4F500DBA5280856AEB0F BaseClass: NativeClass:/Script/Engine.StaticMeshActor Name:StaticMeshActor_UAID_00155D38A43DF8CF01_1319843424 Label:SM_Rock_9 SpatiallyLoaded:1 Bounds:IsValid=true, Min=(X=-1251.355 Y=1690.517 Z=637.915), Max=(X=948.311 Y=3661.195 Z=2587.193) RuntimeGrid:None EditorOnly:0 RuntimeOnly:0 HLODRelevant:1 ListedInSceneOutliner:1 IsMainWorldOnly:0
 |   |   |- Guid:4C5DCB7E42184F17F8D22DA30AC21423 BaseClass: NativeClass:/Script/Engine.StaticMeshActor Name:StaticMeshActor_UAID_00155D38A43DF8CF01_1319843425 Label:SM_Rock_10 SpatiallyLoaded:1 Bounds:IsValid=true, Min=(X=-731.899 Y=961.886 Z=27.432), Max=(X=909.956 Y=3013.297 Z=1840.962) RuntimeGrid:None EditorOnly:0 RuntimeOnly:0 HLODRelevant:1 ListedInSceneOutliner:1 IsMainWorldOnly:0
 |   |   |- Guid:4D3BE93F4146AAAC8BBE79999D96D57F BaseClass: NativeClass:/Script/Engine.VolumetricCloud Name:VolumetricCloud_0 Label:VolumetricCloud SpatiallyLoaded:0 Bounds:IsValid=true, Min=(X=0.000 Y=0.000 Z=820.000), Max=(X=0.000 Y=0.000 Z=820.000) RuntimeGrid:None EditorOnly:0 RuntimeOnly:0 HLODRelevant:0 ListedInSceneOutliner:1 IsMainWorldOnly:0 FolderPath:Lighting FolderGuid:963EC3EB4002CCE9759E2EBA541A873A
 |   |   |- Guid:5464D584436D5EA84DD0AF98A95E5E81 BaseClass: NativeClass:/Script/Engine.StaticMeshActor Name:StaticMeshActor_UAID_00155D38A43DF4CF01_1589154704 Label:Shape_Cube10 SpatiallyLoaded:1 Bounds:IsValid=true, Min=(X=3527.396 Y=87.028 Z=1111.747), Max=(X=4327.396 Y=887.028 Z=2011.747) RuntimeGrid:None EditorOnly:0 RuntimeOnly:0 HLODRelevant:1 ListedInSceneOutliner:1 IsMainWorldOnly:0
 |   |   |- Guid:56BEC0254598FECCB93D85A2B68824C4 BaseClass:/Game/IntroCam.IntroCam_C NativeClass:/Script/Engine.CameraActor Name:IntroCam_C_UAID_00155D38A43DFECE01_1834570400 Label:IntroCam SpatiallyLoaded:1 Bounds:IsValid=true, Min=(X=1359.709 Y=875.953 Z=1268.034), Max=(X=1359.709 Y=875.953 Z=1268.034) RuntimeGrid:None EditorOnly:0 RuntimeOnly:0 HLODRelevant:0 ListedInSceneOutliner:1 IsMainWorldOnly:0
 |   |   |- Guid:5819FA5B40E0A138FD9A85A545655BE4 BaseClass: NativeClass:/Script/Engine.StaticMeshActor Name:StaticMeshActor_UAID_00155D38A43DF8CF01_1099408417 Label:SM_Bush_Large SpatiallyLoaded:1 Bounds:IsValid=true, Min=(X=247.883 Y=-438.768 Z=913.193), Max=(X=1588.054 Y=713.564 Z=1408.116) RuntimeGrid:None EditorOnly:0 RuntimeOnly:0 HLODRelevant:1 ListedInSceneOutliner:1 IsMainWorldOnly:0
 |   |   |- Guid:62201081452EDAC7174E6EB8858642FA BaseClass:/Game/Assets/Narrator.Narrator_C NativeClass:/Script/Engine.Actor Name:AudioManager_C_UAID_00155D38A43D4ECF01_1552805479 Label:AudioManager SpatiallyLoaded:1 Bounds:IsValid=true, Min=(X=1384.573 Y=730.885 Z=1447.190), Max=(X=1384.573 Y=730.885 Z=1447.190) RuntimeGrid:None EditorOnly:0 RuntimeOnly:0 HLODRelevant:0 ListedInSceneOutliner:1 IsMainWorldOnly:0
 |   |   |- Guid:656F0C9B487FAC45864A86B9D3EC454E BaseClass: NativeClass:/Script/Engine.StaticMeshActor Name:StaticMeshActor_UAID_00155D38A43DE2CF01_1626384531 Label:Shape_Cube8 SpatiallyLoaded:1 Bounds:IsValid=true, Min=(X=1884.164 Y=-1123.451 Z=849.643), Max=(X=3584.164 Y=1126.549 Z=1049.643) RuntimeGrid:None EditorOnly:0 RuntimeOnly:0 HLODRelevant:1 ListedInSceneOutliner:1 IsMainWorldOnly:0
 |   |   |- Guid:6746F71D425012E3B1BEC6BA0DB6BD6E BaseClass: NativeClass:/Script/Landscape.LandscapeStreamingProxy Name:LandscapeStreamingProxy_1TM89ZHLX9JV6T9RQ5IWQTMCH_1020_3_1_0 Label:LandscapeStreamingProxy_3_1_0 SpatiallyLoaded:1 Bounds:IsValid=true, Min=(X=4114.627 Y=360.926 Z=645.358), Max=(X=6154.627 Y=2400.926 Z=691.373) RuntimeGrid:None EditorOnly:0 RuntimeOnly:0 HLODRelevant:1 ListedInSceneOutliner:1 IsMainWorldOnly:0
 |   |   |- Guid:6BAF4DDD444C60371492D3919DB42C97 BaseClass: NativeClass:/Script/Engine.WorldDataLayers Name:WorldDataLayers Label:WorldDataLayers SpatiallyLoaded:0 Bounds:IsValid=true, Min=(X=0.000 Y=0.000 Z=0.000), Max=(X=0.000 Y=0.000 Z=0.000) RuntimeGrid:None EditorOnly:0 RuntimeOnly:0 HLODRelevant:0 ListedInSceneOutliner:1 IsMainWorldOnly:1
 |   |   |- Guid:6F8207F4439C816507E7C7BDD67499E1 BaseClass: NativeClass:/Script/Landscape.LandscapeStreamingProxy Name:LandscapeStreamingProxy_1TM89ZHLX9JV6T9RQ5IWQTMCH_1020_3_0_0 Label:LandscapeStreamingProxy_3_0_0 SpatiallyLoaded:1 Bounds:IsValid=true, Min=(X=4114.627 Y=-1679.074 Z=645.358), Max=(X=6154.627 Y=360.926 Z=754.592) RuntimeGrid:None EditorOnly:0 RuntimeOnly:0 HLODRelevant:1 ListedInSceneOutliner:1 IsMainWorldOnly:0
 |   |   |- Guid:7680364742AF867AEB3F44A24D7F4FD0 BaseClass: NativeClass:/Script/Landscape.LandscapeStreamingProxy Name:LandscapeStreamingProxy_1TM89ZHLX9JV6T9RQ5IWQTMCH_1020_0_2_0 Label:LandscapeStreamingProxy_0_2_0 SpatiallyLoaded:1 Bounds:IsValid=true, Min=(X=-2005.373 Y=2400.926 Z=647.358), Max=(X=34.627 Y=4440.926 Z=703.404) RuntimeGrid:None EditorOnly:0 RuntimeOnly:0 HLODRelevant:1 ListedInSceneOutliner:1 IsMainWorldOnly:0
 |   |   |- Guid:7768DAB543CC66A9136022BD924D34B0 BaseClass:/Game/Assets/TestPrompt.TestPrompt_C NativeClass:/Script/Engine.Actor Name:TestPrompt_C_UAID_00155D38A43D41CF01_1255438193 Label:TestPrompt SpatiallyLoaded:1 Bounds:IsValid=true, Min=(X=2433.164 Y=3105.924 Z=739.918), Max=(X=2497.164 Y=3169.924 Z=803.918) RuntimeGrid:None EditorOnly:0 RuntimeOnly:0 HLODRelevant:0 ListedInSceneOutliner:1 IsMainWorldOnly:0
 |   |   |- Guid:87F8E1E24066B70F216DC9AFE54F09FF BaseClass: NativeClass:/Script/Landscape.LandscapeStreamingProxy Name:LandscapeStreamingProxy_1TM89ZHLX9JV6T9RQ5IWQTMCH_1020_1_2_0 Label:LandscapeStreamingProxy_1_2_0 SpatiallyLoaded:1 Bounds:IsValid=true, Min=(X=34.627 Y=2400.926 Z=655.092), Max=(X=2074.627 Y=4440.926 Z=772.811) RuntimeGrid:None EditorOnly:0 RuntimeOnly:0 HLODRelevant:1 ListedInSceneOutliner:1 IsMainWorldOnly:0
 |   |   |- Guid:880DC904406B5374F94AB3A242F6E403 BaseClass: NativeClass:/Script/Engine.StaticMeshActor Name:StaticMeshActor_UAID_00155D38A43DF4CF01_1346605700 Label:SM_Rock_3 SpatiallyLoaded:1 Bounds:IsValid=true, Min=(X=1502.471 Y=-1278.344 Z=303.139), Max=(X=3741.847 Y=826.109 Z=1969.052) RuntimeGrid:None EditorOnly:0 RuntimeOnly:0 HLODRelevant:1 ListedInSceneOutliner:1 IsMainWorldOnly:0
 |   |   |- Guid:8BBD86A74B21AD38C0BAC2B70F4BE505 BaseClass: NativeClass:/Script/Engine.StaticMeshActor Name:StaticMeshActor_UAID_00155D38A43DF8CF01_1525521429 Label:SM_LongRock3 SpatiallyLoaded:1 Bounds:IsValid=true, Min=(X=3123.688 Y=3154.528 Z=585.968), Max=(X=3936.484 Y=5000.658 Z=1050.201) RuntimeGrid:None EditorOnly:0 RuntimeOnly:0 HLODRelevant:1 ListedInSceneOutliner:1 IsMainWorldOnly:0
 |   |   |- Guid:8C6403A44C1C6A31ACE1398CE5AFD517 BaseClass: NativeClass:/Script/Landscape.LandscapeStreamingProxy Name:LandscapeStreamingProxy_1TM89ZHLX9JV6T9RQ5IWQTMCH_1020_1_0_0 Label:LandscapeStreamingProxy_1_0_0 SpatiallyLoaded:1 Bounds:IsValid=true, Min=(X=34.627 Y=-1679.074 Z=647.358), Max=(X=2074.627 Y=360.926 Z=1159.342) RuntimeGrid:None EditorOnly:0 RuntimeOnly:0 HLODRelevant:1 ListedInSceneOutliner:1 IsMainWorldOnly:0
 |   |   |- Guid:8D3035C64DDF5B48DF6CC5AA5AB12CD5 BaseClass: NativeClass:/Script/Landscape.LandscapeStreamingProxy Name:LandscapeStreamingProxy_1TM89ZHLX9JV6T9RQ5IWQTMCH_1020_1_3_0 Label:LandscapeStreamingProxy_1_3_0 SpatiallyLoaded:1 Bounds:IsValid=true, Min=(X=34.627 Y=4440.926 Z=645.358), Max=(X=2074.627 Y=6480.926 Z=717.951) RuntimeGrid:None EditorOnly:0 RuntimeOnly:0 HLODRelevant:1 ListedInSceneOutliner:1 IsMainWorldOnly:0
 |   |   |- Guid:9468A354440A9C139C105AA3B026D134 BaseClass: NativeClass:/Script/Engine.StaticMeshActor Name:StaticMeshActor_UAID_00155D38A43DE1CF01_1151216359 Label:Boundary WaterFall SpatiallyLoaded:1 Bounds:IsValid=true, Min=(X=3278.387 Y=217.337 Z=549.123), Max=(X=3628.387 Y=4567.337 Z=2224.123) RuntimeGrid:None EditorOnly:0 RuntimeOnly:0 HLODRelevant:0 ListedInSceneOutliner:1 IsMainWorldOnly:0
 |   |   |- Guid:979433BC423C6DD7FF1FEDB149BE7857 BaseClass: NativeClass:/Script/Engine.StaticMeshActor Name:StaticMeshActor_UAID_00155D38A43DF5CF01_1306322886 Label:SM_LongRock SpatiallyLoaded:1 Bounds:IsValid=true, Min=(X=3198.047 Y=349.131 Z=241.390), Max=(X=3662.279 Y=1007.943 Z=2036.934) RuntimeGrid:None EditorOnly:0 RuntimeOnly:0 HLODRelevant:1 ListedInSceneOutliner:1 IsMainWorldOnly:0
 |   |   |- Guid:9BB4568340128DBEC43E6F86E2A0ABBE BaseClass: NativeClass:/Script/Engine.StaticMeshActor Name:StaticMeshActor_UAID_00155D38A43DF4CF01_2146791708 Label:SM_StoneSet_A SpatiallyLoaded:1 Bounds:IsValid=true, Min=(X=2893.672 Y=255.789 Z=1053.681), Max=(X=3024.856 Y=429.322 Z=1163.742) RuntimeGrid:None EditorOnly:0 RuntimeOnly:0 HLODRelevant:1 ListedInSceneOutliner:1 IsMainWorldOnly:0
 |   |   |- Guid:A1C114464A26423410B800896FACB14F BaseClass: NativeClass:/Script/Engine.StaticMeshActor Name:StaticMeshActor_UAID_00155D38A43DE1CF01_1207887360 Label:Boundary Right SpatiallyLoaded:1 Bounds:IsValid=true, Min=(X=-253.805 Y=4418.067 Z=549.123), Max=(X=4096.195 Y=4768.067 Z=2224.123) RuntimeGrid:None EditorOnly:0 RuntimeOnly:0 HLODRelevant:0 ListedInSceneOutliner:1 IsMainWorldOnly:0
 |   |   |- Guid:A50BBE2A44895C651C87D697691BE474 BaseClass: NativeClass:/Script/Engine.StaticMeshActor Name:StaticMeshActor_UAID_00155D38A43DE1CF01_1238879361 Label:Boundary Left SpatiallyLoaded:1 Bounds:IsValid=true, Min=(X=-253.805 Y=108.545 Z=549.123), Max=(X=4096.195 Y=458.545 Z=2224.123) RuntimeGrid:None EditorOnly:0 RuntimeOnly:0 HLODRelevant:0 ListedInSceneOutliner:1 IsMainWorldOnly:0
 |   |   |- Guid:B785ED2844B84CFB91E7F39FE661CD99 BaseClass: NativeClass:/Script/Engine.DirectionalLight Name:DirectionalLight_0 Label:DirectionalLight SpatiallyLoaded:0 Bounds:IsValid=true, Min=(X=-1048576.000 Y=-1048576.000 Z=-1048576.000), Max=(X=1048576.000 Y=1048576.000 Z=1048576.000) RuntimeGrid:None EditorOnly:0 RuntimeOnly:0 HLODRelevant:0 ListedInSceneOutliner:1 IsMainWorldOnly:0 FolderPath:Lighting FolderGuid:963EC3EB4002CCE9759E2EBA541A873A
 |   |   |- Guid:B967C08F40ACF9F1A65B3E803B7537C7 BaseClass: NativeClass:/Script/Engine.StaticMeshActor Name:StaticMeshActor_UAID_00155D38A43DF4CF01_1166249699 Label:SM_Rock_02 SpatiallyLoaded:1 Bounds:IsValid=true, Min=(X=2671.578 Y=-875.893 Z=650.263), Max=(X=4077.221 Y=898.367 Z=2316.176) RuntimeGrid:None EditorOnly:0 RuntimeOnly:0 HLODRelevant:1 ListedInSceneOutliner:1 IsMainWorldOnly:0
 |   |   |- Guid:BC82C3CE44213D9E23FF458D9BAC46D5 BaseClass: NativeClass:/Script/Engine.StaticMeshActor Name:StaticMeshActor_UAID_00155D38A43DF8CF01_1288181422 Label:SM_Bush_Large6 SpatiallyLoaded:1 Bounds:IsValid=true, Min=(X=1038.706 Y=4247.185 Z=571.181), Max=(X=1995.579 Y=5210.647 Z=1066.104) RuntimeGrid:None EditorOnly:0 RuntimeOnly:0 HLODRelevant:1 ListedInSceneOutliner:1 IsMainWorldOnly:0
 |   |   |- Guid:BE1BA6DE43945AD3E48697997A354139 BaseClass: NativeClass:/Script/Engine.StaticMeshActor Name:StaticMeshActor_UAID_00155D38A43DF3CF01_1544265519 Label:Shape_Pipe_90 SpatiallyLoaded:1 Bounds:IsValid=true, Min=(X=2927.091 Y=390.108 Z=1006.618), Max=(X=3590.124 Y=1065.466 Z=1096.618) RuntimeGrid:None EditorOnly:0 RuntimeOnly:0 HLODRelevant:1 ListedInSceneOutliner:1 IsMainWorldOnly:0
 |   |   |- Guid:BF4F72404C446FD155AC31B67DE68336 BaseClass: NativeClass:/Script/Engine.StaticMeshActor Name:StaticMeshActor_UAID_00155D38A43DF7CF01_1300817239 Label:SM_LongRock2 SpatiallyLoaded:1 Bounds:IsValid=true, Min=(X=1669.531 Y=-1488.264 Z=-695.069), Max=(X=2560.907 Y=-578.732 Z=1100.474) RuntimeGrid:None EditorOnly:0 RuntimeOnly:0 HLODRelevant:1 ListedInSceneOutliner:1 IsMainWorldOnly:0
 |   |   |- Guid:C6CD224D4B87775BD3B0C293B0DFA4A8 BaseClass: NativeClass:/Script/Landscape.LandscapeStreamingProxy Name:LandscapeStreamingProxy_1TM89ZHLX9JV6T9RQ5IWQTMCH_1020_2_0_0 Label:LandscapeStreamingProxy_2_0_0 SpatiallyLoaded:1 Bounds:IsValid=true, Min=(X=2074.627 Y=-1679.074 Z=647.358), Max=(X=4114.627 Y=360.926 Z=1159.342) RuntimeGrid:None EditorOnly:0 RuntimeOnly:0 HLODRelevant:1 ListedInSceneOutliner:1 IsMainWorldOnly:0
 |   |   |- Guid:C736999540E17D5E2FFB1D95F91239C1 BaseClass: NativeClass:/Script/Engine.StaticMeshActor Name:StaticMeshActor_UAID_00155D38A43DF4CF01_1361711701 Label:SM_Rock_4 SpatiallyLoaded:1 Bounds:IsValid=true, Min=(X=2735.934 Y=90.480 Z=303.139), Max=(X=4834.745 Y=1951.468 Z=1969.052) RuntimeGrid:None EditorOnly:0 RuntimeOnly:0 HLODRelevant:1 ListedInSceneOutliner:1 IsMainWorldOnly:0
 |   |   |- Guid:CCFF262C46EEFFDF319E7F9539CE697E BaseClass: NativeClass:/Script/Engine.SkyAtmosphere Name:SkyAtmosphere_0 Label:SkyAtmosphere SpatiallyLoaded:0 Bounds:IsValid=true, Min=(X=0.000 Y=0.000 Z=1020.000), Max=(X=0.000 Y=0.000 Z=1020.000) RuntimeGrid:None EditorOnly:0 RuntimeOnly:0 HLODRelevant:0 ListedInSceneOutliner:1 IsMainWorldOnly:0 FolderPath:Lighting FolderGuid:963EC3EB4002CCE9759E2EBA541A873A
 |   |   |- Guid:D744FB0A4FECAB3FC654BE92C2A0FF7A BaseClass: NativeClass:/Script/Engine.StaticMeshActor Name:StaticMeshActor_UAID_00155D38A43DF4CF01_1423136703 Label:SM_Rock_6 SpatiallyLoaded:1 Bounds:IsValid=true, Min=(X=2425.984 Y=-253.897 Z=924.655), Max=(X=3348.617 Y=590.965 Z=1734.453) RuntimeGrid:None EditorOnly:0 RuntimeOnly:0 HLODRelevant:1 ListedInSceneOutliner:1 IsMainWorldOnly:0
 |   |   |- Guid:DB3123EE4E262905BCD911A4A5A6E105 BaseClass:/Game/Assets/Rock.Rock_C NativeClass:/Script/Engine.Actor Name:Rock_C_UAID_00155D38A43D2ECF01_1324141848 Label:Rock SpatiallyLoaded:1 Bounds:IsValid=true, Min=(X=1456.323 Y=964.271 Z=1169.455), Max=(X=1538.084 Y=1038.977 Z=1231.684) RuntimeGrid:None EditorOnly:0 RuntimeOnly:0 HLODRelevant:0 ListedInSceneOutliner:1 IsMainWorldOnly:0
 |   |   |- Guid:E25F637F498DFA4ABB9572A938E4FD3D BaseClass: NativeClass:/Script/Landscape.LandscapeStreamingProxy Name:LandscapeStreamingProxy_1TM89ZHLX9JV6T9RQ5IWQTMCH_1020_0_1_0 Label:LandscapeStreamingProxy_0_1_0 SpatiallyLoaded:1 Bounds:IsValid=true, Min=(X=-2005.373 Y=360.926 Z=647.358), Max=(X=34.627 Y=2400.926 Z=1128.529) RuntimeGrid:None EditorOnly:0 RuntimeOnly:0 HLODRelevant:1 ListedInSceneOutliner:1 IsMainWorldOnly:0
 |   |   |- Guid:E59130DD49555AF9DAB00FB0CBE7D05B BaseClass: NativeClass:/Script/Landscape.LandscapeStreamingProxy Name:LandscapeStreamingProxy_1TM89ZHLX9JV6T9RQ5IWQTMCH_1020_3_2_0 Label:LandscapeStreamingProxy_3_2_0 SpatiallyLoaded:1 Bounds:IsValid=true, Min=(X=4114.627 Y=2400.926 Z=647.358), Max=(X=6154.627 Y=4440.926 Z=668.561) RuntimeGrid:None EditorOnly:0 RuntimeOnly:0 HLODRelevant:1 ListedInSceneOutliner:1 IsMainWorldOnly:0
 |   |   |- Guid:E7059665467991E8FA744FB95AEFD99B BaseClass: NativeClass:/Script/Landscape.LandscapeStreamingProxy Name:LandscapeStreamingProxy_1TM89ZHLX9JV6T9RQ5IWQTMCH_1020_2_1_0 Label:LandscapeStreamingProxy_2_1_0 SpatiallyLoaded:1 Bounds:IsValid=true, Min=(X=2074.627 Y=360.926 Z=570.701), Max=(X=4114.627 Y=2400.926 Z=1154.686) RuntimeGrid:None EditorOnly:0 RuntimeOnly:0 HLODRelevant:1 ListedInSceneOutliner:1 IsMainWorldOnly:0
 |   |   |- Guid:E832BAD242ABA2D1E20B88A0E23A6215 BaseClass: NativeClass:/Script/Engine.StaticMeshActor Name:StaticMeshActor_UAID_00155D38A43DF8CF01_1319841423 Label:SM_Rock_8 SpatiallyLoaded:1 Bounds:IsValid=true, Min=(X=-861.545 Y=1633.908 Z=-502.624), Max=(X=1299.579 Y=4077.146 Z=2004.201) RuntimeGrid:None EditorOnly:0 RuntimeOnly:0 HLODRelevant:1 ListedInSceneOutliner:1 IsMainWorldOnly:0
 |   |   |- Guid:EC4E0C944CE6AC6E784BC6BB2916EA13 BaseClass: NativeClass:/Script/Engine.StaticMeshActor Name:StaticMeshActor_UAID_A4AE111137DC5EFB00_1110535423 Label:SM_SkySphere SpatiallyLoaded:0 Bounds:IsValid=true, Min=(X=-1638711.751 Y=-1633280.000 Z=-1637386.224), Max=(X=1638088.249 Y=1633280.000 Z=1639413.776) RuntimeGrid:None EditorOnly:0 RuntimeOnly:0 HLODRelevant:1 ListedInSceneOutliner:1 IsMainWorldOnly:0 FolderPath:Lighting FolderGuid:963EC3EB4002CCE9759E2EBA541A873A
 |   |   |- Guid:ED5B0A99455036BBFAEFAFAB51B1EF8A BaseClass: NativeClass:/Script/Engine.StaticMeshActor Name:StaticMeshActor_UAID_00155D38A43DF8CF01_1249454419 Label:SM_Bush_Large3 SpatiallyLoaded:1 Bounds:IsValid=true, Min=(X=1565.580 Y=4174.723 Z=559.241), Max=(X=2905.751 Y=5327.056 Z=1054.164) RuntimeGrid:None EditorOnly:0 RuntimeOnly:0 HLODRelevant:1 ListedInSceneOutliner:1 IsMainWorldOnly:0
 |   |   |- Guid:F5E3FEB3450C49844FD93DA8E083C8AD BaseClass: NativeClass:/Script/Engine.PostProcessVolume Name:PostProcessVolume_0 Label:PostProcessVolume SpatiallyLoaded:0 Bounds:IsValid=true, Min=(X=0.000 Y=0.000 Z=400.000), Max=(X=200.000 Y=200.000 Z=600.000) RuntimeGrid:None EditorOnly:0 RuntimeOnly:0 HLODRelevant:0 ListedInSceneOutliner:1 IsMainWorldOnly:0 FolderPath:Lighting FolderGuid:963EC3EB4002CCE9759E2EBA541A873A
 |   |   |- Guid:F6E1D49A41AD9B9FBC2AEF8CE1AC678F BaseClass: NativeClass:/Script/Landscape.Landscape Name:Landscape_UAID_00155D38A43DE4CF01_1763910879 Label:Landscape SpatiallyLoaded:0 Bounds:IsValid=true, Min=(X=-2005.373 Y=-1679.074 Z=647.358), Max=(X=-2005.373 Y=-1679.074 Z=647.358) RuntimeGrid:None EditorOnly:0 RuntimeOnly:0 HLODRelevant:0 ListedInSceneOutliner:1 IsMainWorldOnly:0
 |   |   |- Guid:FD76BDDA4773D9AFB227BBA6E75D180E BaseClass: NativeClass:/Script/Engine.StaticMeshActor Name:StaticMeshActor_UAID_00155D38A43DF4CF01_1378449702 Label:SM_Rock_5 SpatiallyLoaded:1 Bounds:IsValid=true, Min=(X=2623.903 Y=147.027 Z=547.323), Max=(X=4905.398 Y=2486.274 Z=2427.549) RuntimeGrid:None EditorOnly:0 RuntimeOnly:0 HLODRelevant:1 ListedInSceneOutliner:1 IsMainWorldOnly:0
 |   |   |- Guid:FDDD9A6C49AFA649074F9CA4DCB98891 BaseClass: NativeClass:/Script/Landscape.LandscapeStreamingProxy Name:LandscapeStreamingProxy_1TM89ZHLX9JV6T9RQ5IWQTMCH_1020_0_3_0 Label:LandscapeStreamingProxy_0_3_0 SpatiallyLoaded:1 Bounds:IsValid=true, Min=(X=-2005.373 Y=4440.926 Z=645.358), Max=(X=34.627 Y=6480.926 Z=679.404) RuntimeGrid:None EditorOnly:0 RuntimeOnly:0 HLODRelevant:1 ListedInSceneOutliner:1 IsMainWorldOnly:0
 |   |- [+] Clusters:
 |   |   |- [+] [  0]
 |   |   |   |- Guid:03E45BB943625F4FB9D8128D49C2249F BaseClass: NativeClass:/Script/Engine.StaticMeshActor Name:StaticMeshActor_UAID_00155D38A43DF8CF01_1249456420 Label:SM_Bush_Large4 SpatiallyLoaded:1 Bounds:IsValid=true, Min=(X=2418.170 Y=4229.285 Z=571.181), Max=(X=3411.040 Y=5227.488 Z=1066.104) RuntimeGrid:None EditorOnly:0 RuntimeOnly:0 HLODRelevant:1 ListedInSceneOutliner:1 IsMainWorldOnly:0
 |   |   |- [+] [  1]
 |   |   |   |- Guid:03F3FF2A44866A425B4714811138F07F BaseClass: NativeClass:/Script/Engine.StaticMeshActor Name:StaticMeshActor_UAID_00155D38A43DF4CF01_2006001707 Label:SM_Rock_7 SpatiallyLoaded:1 Bounds:IsValid=true, Min=(X=1981.662 Y=-1738.889 Z=548.164), Max=(X=4060.000 Y=428.638 Z=2806.608) RuntimeGrid:None EditorOnly:0 RuntimeOnly:0 HLODRelevant:1 ListedInSceneOutliner:1 IsMainWorldOnly:0
 |   |   |- [+] [  2]
 |   |   |   |- Guid:04186F3B420A0270B7E1B6A1CA99F0FC BaseClass: NativeClass:/Script/Landscape.LandscapeStreamingProxy Name:LandscapeStreamingProxy_1TM89ZHLX9JV6T9RQ5IWQTMCH_1020_3_3_0 Label:LandscapeStreamingProxy_3_3_0 SpatiallyLoaded:1 Bounds:IsValid=true, Min=(X=4114.627 Y=4440.926 Z=645.358), Max=(X=6154.627 Y=6480.926 Z=654.701) RuntimeGrid:None EditorOnly:0 RuntimeOnly:0 HLODRelevant:1 ListedInSceneOutliner:1 IsMainWorldOnly:0
 |   |   |- [+] [  3]
 |   |   |   |- Guid:05148F1E40DF423F32AFE494D87D6D63 BaseClass: NativeClass:/Script/Engine.StaticMeshActor Name:StaticMeshActor_UAID_00155D38A43DF8CF01_1288179421 Label:SM_Bush_Large5 SpatiallyLoaded:1 Bounds:IsValid=true, Min=(X=162.768 Y=4087.175 Z=559.241), Max=(X=1514.883 Y=5297.146 Z=1054.164) RuntimeGrid:None EditorOnly:0 RuntimeOnly:0 HLODRelevant:1 ListedInSceneOutliner:1 IsMainWorldOnly:0
 |   |   |- [+] [  4]
 |   |   |   |- Guid:0CBE2F444068867CF6C84D9F06988C11 BaseClass: NativeClass:/Script/Engine.StaticMeshActor Name:StaticMeshActor_UAID_00155D38A43DF8CF01_1429877426 Label:SM_Bush_Large7 SpatiallyLoaded:1 Bounds:IsValid=true, Min=(X=-561.981 Y=264.259 Z=913.193), Max=(X=590.351 Y=1604.430 Z=1408.116) RuntimeGrid:None EditorOnly:0 RuntimeOnly:0 HLODRelevant:1 ListedInSceneOutliner:1 IsMainWorldOnly:0
 |   |   |- [+] [  5]
 |   |   |   |- Guid:15F5690D411463815749C981913CE5A2 BaseClass: NativeClass:/Script/Landscape.LandscapeStreamingProxy Name:LandscapeStreamingProxy_1TM89ZHLX9JV6T9RQ5IWQTMCH_1020_2_3_0 Label:LandscapeStreamingProxy_2_3_0 SpatiallyLoaded:1 Bounds:IsValid=true, Min=(X=2074.627 Y=4440.926 Z=645.358), Max=(X=4114.627 Y=6480.926 Z=704.467) RuntimeGrid:None EditorOnly:0 RuntimeOnly:0 HLODRelevant:1 ListedInSceneOutliner:1 IsMainWorldOnly:0
 |   |   |- [+] [  6]
 |   |   |   |- Guid:1805623445829A56056387B6467DFEAA BaseClass: NativeClass:/Script/Engine.StaticMeshActor Name:StaticMeshActor_UAID_00155D38A43DF8CF01_1429879427 Label:SM_Bush_Large8 SpatiallyLoaded:1 Bounds:IsValid=true, Min=(X=1055.111 Y=-391.323 Z=925.133), Max=(X=2099.798 Y=650.655 Z=1420.056) RuntimeGrid:None EditorOnly:0 RuntimeOnly:0 HLODRelevant:1 ListedInSceneOutliner:1 IsMainWorldOnly:0
 |   |   |- [+] [  7]
 |   |   |   |- Guid:2481734342BCBEAE162BFDA910A8F32E BaseClass: NativeClass:/Script/Landscape.LandscapeStreamingProxy Name:LandscapeStreamingProxy_1TM89ZHLX9JV6T9RQ5IWQTMCH_1020_2_2_0 Label:LandscapeStreamingProxy_2_2_0 SpatiallyLoaded:1 Bounds:IsValid=true, Min=(X=2074.627 Y=2400.926 Z=648.998), Max=(X=4114.627 Y=4440.926 Z=730.701) RuntimeGrid:None EditorOnly:0 RuntimeOnly:0 HLODRelevant:1 ListedInSceneOutliner:1 IsMainWorldOnly:0
 |   |   |- [+] [  8]
 |   |   |   |- Guid:2B0B44EF46ADC9A09EAC94B3F1FF7B68 BaseClass: NativeClass:/Script/Engine.StaticMeshActor Name:StaticMeshActor_UAID_00155D38A43DF8CF01_1102226418 Label:SM_Bush_Large2 SpatiallyLoaded:1 Bounds:IsValid=true, Min=(X=-327.846 Y=-43.433 Z=925.133), Max=(X=714.132 Y=1001.253 Z=1420.056) RuntimeGrid:None EditorOnly:0 RuntimeOnly:0 HLODRelevant:1 ListedInSceneOutliner:1 IsMainWorldOnly:0
 |   |   |- [+] [  9]
 |   |   |   |- Guid:2BF1D5994ADF1FD34A9447A2B0F505AD BaseClass: NativeClass:/Script/Landscape.LandscapeStreamingProxy Name:LandscapeStreamingProxy_1TM89ZHLX9JV6T9RQ5IWQTMCH_1020_0_0_0 Label:LandscapeStreamingProxy_0_0_0 SpatiallyLoaded:1 Bounds:IsValid=true, Min=(X=-2005.373 Y=-1679.074 Z=647.358), Max=(X=34.627 Y=360.926 Z=1127.311) RuntimeGrid:None EditorOnly:0 RuntimeOnly:0 HLODRelevant:1 ListedInSceneOutliner:1 IsMainWorldOnly:0
 |   |   |- [+] [ 10]
 |   |   |   |- Guid:2C19FC5547711583178BE8BDD18BA46D BaseClass: NativeClass:/Script/Engine.StaticMeshActor Name:StaticMeshActor_UAID_00155D38A43DF8CF01_1481600428 Label:SM_Bush_Large9 SpatiallyLoaded:1 Bounds:IsValid=true, Min=(X=-322.827 Y=3473.253 Z=559.241), Max=(X=887.143 Y=4825.368 Z=1054.164) RuntimeGrid:None EditorOnly:0 RuntimeOnly:0 HLODRelevant:1 ListedInSceneOutliner:1 IsMainWorldOnly:0
 |   |   |- [+] [ 11]
 |   |   |   |- Guid:2FB58999456391D349DC0F86DAC136ED BaseClass: NativeClass:/Script/Engine.SkyLight Name:SkyLight_1 Label:SkyLight SpatiallyLoaded:0 Bounds:IsValid=true, Min=(X=0.000 Y=0.000 Z=690.000), Max=(X=0.000 Y=0.000 Z=690.000) RuntimeGrid:None EditorOnly:0 RuntimeOnly:0 HLODRelevant:0 ListedInSceneOutliner:1 IsMainWorldOnly:0 FolderPath:Lighting FolderGuid:963EC3EB4002CCE9759E2EBA541A873A
 |   |   |- [+] [ 12]
 |   |   |   |- Guid:316CF2A6494ACA4C0E4180A87D36AB8F BaseClass: NativeClass:/Script/Engine.ExponentialHeightFog Name:ExponentialHeightFog_0 Label:ExponentialHeightFog SpatiallyLoaded:0 Bounds:IsValid=true, Min=(X=-5600.000 Y=-50.000 Z=-6850.000), Max=(X=-5600.000 Y=-50.000 Z=-6850.000) RuntimeGrid:None EditorOnly:0 RuntimeOnly:0 HLODRelevant:0 ListedInSceneOutliner:1 IsMainWorldOnly:0 FolderPath:Lighting FolderGuid:963EC3EB4002CCE9759E2EBA541A873A
 |   |   |- [+] [ 13]
 |   |   |   |- Guid:360F884C4D0486624CA37B9E850E2E8E BaseClass: NativeClass:/Script/Engine.StaticMeshActor Name:StaticMeshActor_UAID_00155D38A43DE0CF01_2112666182 Label:Boundary Back SpatiallyLoaded:1 Bounds:IsValid=true, Min=(X=147.047 Y=217.337 Z=549.123), Max=(X=497.047 Y=4567.337 Z=2224.123) RuntimeGrid:None EditorOnly:0 RuntimeOnly:0 HLODRelevant:0 ListedInSceneOutliner:1 IsMainWorldOnly:0
 |   |   |- [+] [ 14]
 |   |   |   |- Guid:3973983049F329CC817FACA14A45678D BaseClass: NativeClass:/Script/Engine.StaticMeshActor Name:StaticMeshActor_UAID_00155D38A43DF8CF01_1562038430 Label:SM_Bush_Large10 SpatiallyLoaded:1 Bounds:IsValid=true, Min=(X=2971.352 Y=1958.940 Z=554.374), Max=(X=3964.222 Y=2957.143 Z=1049.297) RuntimeGrid:None EditorOnly:0 RuntimeOnly:0 HLODRelevant:1 ListedInSceneOutliner:1 IsMainWorldOnly:0
 |   |   |- [+] [ 15]
 |   |   |   |- Guid:3A00AA1C422CE54C0BDB60BAF471BFBB BaseClass: NativeClass:/Script/Engine.PlayerStart Name:PlayerStart_0 Label:PlayerStart SpatiallyLoaded:0 Bounds:IsValid=true, Min=(X=948.156 Y=950.653 Z=1147.185), Max=(X=1028.156 Y=1030.653 Z=1331.185) RuntimeGrid:None EditorOnly:0 RuntimeOnly:0 HLODRelevant:0 ListedInSceneOutliner:1 IsMainWorldOnly:0
 |   |   |- [+] [ 16]
 |   |   |   |- Guid:3C0010D1422BA9225D50248FA1EBB305 BaseClass: NativeClass:/Script/Landscape.LandscapeStreamingProxy Name:LandscapeStreamingProxy_1TM89ZHLX9JV6T9RQ5IWQTMCH_1020_1_1_0 Label:LandscapeStreamingProxy_1_1_0 SpatiallyLoaded:1 Bounds:IsValid=true, Min=(X=34.627 Y=360.926 Z=661.983), Max=(X=2074.627 Y=2400.926 Z=1159.295) RuntimeGrid:None EditorOnly:0 RuntimeOnly:0 HLODRelevant:1 ListedInSceneOutliner:1 IsMainWorldOnly:0
 |   |   |- [+] [ 17]
 |   |   |   |- Guid:4345005E4132C2AC7DCDF48941B5BE46 BaseClass: NativeClass:/Script/Engine.StaticMeshActor Name:StaticMeshActor_UAID_00155D38A43DF8CF01_1598564431 Label:SM_Rock_11 SpatiallyLoaded:1 Bounds:IsValid=true, Min=(X=3106.708 Y=1633.908 Z=-502.624), Max=(X=5267.832 Y=4077.146 Z=2004.201) RuntimeGrid:None EditorOnly:0 RuntimeOnly:0 HLODRelevant:1 ListedInSceneOutliner:1 IsMainWorldOnly:0
 |   |   |- [+] [ 18]
 |   |   |   |- Guid:45F5D62A4E6BE399B29C93AAB2BA21A2 BaseClass: NativeClass:/Script/Engine.StaticMeshActor Name:StaticMeshActor_UAID_00155D38A43DF8CF01_1598566433 Label:SM_Rock_13 SpatiallyLoaded:1 Bounds:IsValid=true, Min=(X=3049.564 Y=961.886 Z=27.433), Max=(X=4691.419 Y=3013.297 Z=1840.963) RuntimeGrid:None EditorOnly:0 RuntimeOnly:0 HLODRelevant:1 ListedInSceneOutliner:1 IsMainWorldOnly:0
 |   |   |- [+] [ 19]
 |   |   |   |- Guid:4B7211A046EE4F500DBA5280856AEB0F BaseClass: NativeClass:/Script/Engine.StaticMeshActor Name:StaticMeshActor_UAID_00155D38A43DF8CF01_1319843424 Label:SM_Rock_9 SpatiallyLoaded:1 Bounds:IsValid=true, Min=(X=-1251.355 Y=1690.517 Z=637.915), Max=(X=948.311 Y=3661.195 Z=2587.193) RuntimeGrid:None EditorOnly:0 RuntimeOnly:0 HLODRelevant:1 ListedInSceneOutliner:1 IsMainWorldOnly:0
 |   |   |- [+] [ 20]
 |   |   |   |- Guid:4C5DCB7E42184F17F8D22DA30AC21423 BaseClass: NativeClass:/Script/Engine.StaticMeshActor Name:StaticMeshActor_UAID_00155D38A43DF8CF01_1319843425 Label:SM_Rock_10 SpatiallyLoaded:1 Bounds:IsValid=true, Min=(X=-731.899 Y=961.886 Z=27.432), Max=(X=909.956 Y=3013.297 Z=1840.962) RuntimeGrid:None EditorOnly:0 RuntimeOnly:0 HLODRelevant:1 ListedInSceneOutliner:1 IsMainWorldOnly:0
 |   |   |- [+] [ 21]
 |   |   |   |- Guid:4D3BE93F4146AAAC8BBE79999D96D57F BaseClass: NativeClass:/Script/Engine.VolumetricCloud Name:VolumetricCloud_0 Label:VolumetricCloud SpatiallyLoaded:0 Bounds:IsValid=true, Min=(X=0.000 Y=0.000 Z=820.000), Max=(X=0.000 Y=0.000 Z=820.000) RuntimeGrid:None EditorOnly:0 RuntimeOnly:0 HLODRelevant:0 ListedInSceneOutliner:1 IsMainWorldOnly:0 FolderPath:Lighting FolderGuid:963EC3EB4002CCE9759E2EBA541A873A
 |   |   |- [+] [ 22]
 |   |   |   |- Guid:5464D584436D5EA84DD0AF98A95E5E81 BaseClass: NativeClass:/Script/Engine.StaticMeshActor Name:StaticMeshActor_UAID_00155D38A43DF4CF01_1589154704 Label:Shape_Cube10 SpatiallyLoaded:1 Bounds:IsValid=true, Min=(X=3527.396 Y=87.028 Z=1111.747), Max=(X=4327.396 Y=887.028 Z=2011.747) RuntimeGrid:None EditorOnly:0 RuntimeOnly:0 HLODRelevant:1 ListedInSceneOutliner:1 IsMainWorldOnly:0
 |   |   |- [+] [ 23]
 |   |   |   |- Guid:56BEC0254598FECCB93D85A2B68824C4 BaseClass:/Game/IntroCam.IntroCam_C NativeClass:/Script/Engine.CameraActor Name:IntroCam_C_UAID_00155D38A43DFECE01_1834570400 Label:IntroCam SpatiallyLoaded:1 Bounds:IsValid=true, Min=(X=1359.709 Y=875.953 Z=1268.034), Max=(X=1359.709 Y=875.953 Z=1268.034) RuntimeGrid:None EditorOnly:0 RuntimeOnly:0 HLODRelevant:0 ListedInSceneOutliner:1 IsMainWorldOnly:0
 |   |   |- [+] [ 24]
 |   |   |   |- Guid:5819FA5B40E0A138FD9A85A545655BE4 BaseClass: NativeClass:/Script/Engine.StaticMeshActor Name:StaticMeshActor_UAID_00155D38A43DF8CF01_1099408417 Label:SM_Bush_Large SpatiallyLoaded:1 Bounds:IsValid=true, Min=(X=247.883 Y=-438.768 Z=913.193), Max=(X=1588.054 Y=713.564 Z=1408.116) RuntimeGrid:None EditorOnly:0 RuntimeOnly:0 HLODRelevant:1 ListedInSceneOutliner:1 IsMainWorldOnly:0
 |   |   |- [+] [ 25]
 |   |   |   |- Guid:62201081452EDAC7174E6EB8858642FA BaseClass:/Game/Assets/Narrator.Narrator_C NativeClass:/Script/Engine.Actor Name:AudioManager_C_UAID_00155D38A43D4ECF01_1552805479 Label:AudioManager SpatiallyLoaded:1 Bounds:IsValid=true, Min=(X=1384.573 Y=730.885 Z=1447.190), Max=(X=1384.573 Y=730.885 Z=1447.190) RuntimeGrid:None EditorOnly:0 RuntimeOnly:0 HLODRelevant:0 ListedInSceneOutliner:1 IsMainWorldOnly:0
 |   |   |- [+] [ 26]
 |   |   |   |- Guid:656F0C9B487FAC45864A86B9D3EC454E BaseClass: NativeClass:/Script/Engine.StaticMeshActor Name:StaticMeshActor_UAID_00155D38A43DE2CF01_1626384531 Label:Shape_Cube8 SpatiallyLoaded:1 Bounds:IsValid=true, Min=(X=1884.164 Y=-1123.451 Z=849.643), Max=(X=3584.164 Y=1126.549 Z=1049.643) RuntimeGrid:None EditorOnly:0 RuntimeOnly:0 HLODRelevant:1 ListedInSceneOutliner:1 IsMainWorldOnly:0
 |   |   |- [+] [ 27]
 |   |   |   |- Guid:6746F71D425012E3B1BEC6BA0DB6BD6E BaseClass: NativeClass:/Script/Landscape.LandscapeStreamingProxy Name:LandscapeStreamingProxy_1TM89ZHLX9JV6T9RQ5IWQTMCH_1020_3_1_0 Label:LandscapeStreamingProxy_3_1_0 SpatiallyLoaded:1 Bounds:IsValid=true, Min=(X=4114.627 Y=360.926 Z=645.358), Max=(X=6154.627 Y=2400.926 Z=691.373) RuntimeGrid:None EditorOnly:0 RuntimeOnly:0 HLODRelevant:1 ListedInSceneOutliner:1 IsMainWorldOnly:0
 |   |   |- [+] [ 28]
 |   |   |   |- Guid:6BAF4DDD444C60371492D3919DB42C97 BaseClass: NativeClass:/Script/Engine.WorldDataLayers Name:WorldDataLayers Label:WorldDataLayers SpatiallyLoaded:0 Bounds:IsValid=true, Min=(X=0.000 Y=0.000 Z=0.000), Max=(X=0.000 Y=0.000 Z=0.000) RuntimeGrid:None EditorOnly:0 RuntimeOnly:0 HLODRelevant:0 ListedInSceneOutliner:1 IsMainWorldOnly:1
 |   |   |- [+] [ 29]
 |   |   |   |- Guid:6F8207F4439C816507E7C7BDD67499E1 BaseClass: NativeClass:/Script/Landscape.LandscapeStreamingProxy Name:LandscapeStreamingProxy_1TM89ZHLX9JV6T9RQ5IWQTMCH_1020_3_0_0 Label:LandscapeStreamingProxy_3_0_0 SpatiallyLoaded:1 Bounds:IsValid=true, Min=(X=4114.627 Y=-1679.074 Z=645.358), Max=(X=6154.627 Y=360.926 Z=754.592) RuntimeGrid:None EditorOnly:0 RuntimeOnly:0 HLODRelevant:1 ListedInSceneOutliner:1 IsMainWorldOnly:0
 |   |   |- [+] [ 30]
 |   |   |   |- Guid:7680364742AF867AEB3F44A24D7F4FD0 BaseClass: NativeClass:/Script/Landscape.LandscapeStreamingProxy Name:LandscapeStreamingProxy_1TM89ZHLX9JV6T9RQ5IWQTMCH_1020_0_2_0 Label:LandscapeStreamingProxy_0_2_0 SpatiallyLoaded:1 Bounds:IsValid=true, Min=(X=-2005.373 Y=2400.926 Z=647.358), Max=(X=34.627 Y=4440.926 Z=703.404) RuntimeGrid:None EditorOnly:0 RuntimeOnly:0 HLODRelevant:1 ListedInSceneOutliner:1 IsMainWorldOnly:0
 |   |   |- [+] [ 31]
 |   |   |   |- Guid:7768DAB543CC66A9136022BD924D34B0 BaseClass:/Game/Assets/TestPrompt.TestPrompt_C NativeClass:/Script/Engine.Actor Name:TestPrompt_C_UAID_00155D38A43D41CF01_1255438193 Label:TestPrompt SpatiallyLoaded:1 Bounds:IsValid=true, Min=(X=2433.164 Y=3105.924 Z=739.918), Max=(X=2497.164 Y=3169.924 Z=803.918) RuntimeGrid:None EditorOnly:0 RuntimeOnly:0 HLODRelevant:0 ListedInSceneOutliner:1 IsMainWorldOnly:0
 |   |   |- [+] [ 32]
 |   |   |   |- Guid:87F8E1E24066B70F216DC9AFE54F09FF BaseClass: NativeClass:/Script/Landscape.LandscapeStreamingProxy Name:LandscapeStreamingProxy_1TM89ZHLX9JV6T9RQ5IWQTMCH_1020_1_2_0 Label:LandscapeStreamingProxy_1_2_0 SpatiallyLoaded:1 Bounds:IsValid=true, Min=(X=34.627 Y=2400.926 Z=655.092), Max=(X=2074.627 Y=4440.926 Z=772.811) RuntimeGrid:None EditorOnly:0 RuntimeOnly:0 HLODRelevant:1 ListedInSceneOutliner:1 IsMainWorldOnly:0
 |   |   |- [+] [ 33]
 |   |   |   |- Guid:880DC904406B5374F94AB3A242F6E403 BaseClass: NativeClass:/Script/Engine.StaticMeshActor Name:StaticMeshActor_UAID_00155D38A43DF4CF01_1346605700 Label:SM_Rock_3 SpatiallyLoaded:1 Bounds:IsValid=true, Min=(X=1502.471 Y=-1278.344 Z=303.139), Max=(X=3741.847 Y=826.109 Z=1969.052) RuntimeGrid:None EditorOnly:0 RuntimeOnly:0 HLODRelevant:1 ListedInSceneOutliner:1 IsMainWorldOnly:0
 |   |   |- [+] [ 34]
 |   |   |   |- Guid:8BBD86A74B21AD38C0BAC2B70F4BE505 BaseClass: NativeClass:/Script/Engine.StaticMeshActor Name:StaticMeshActor_UAID_00155D38A43DF8CF01_1525521429 Label:SM_LongRock3 SpatiallyLoaded:1 Bounds:IsValid=true, Min=(X=3123.688 Y=3154.528 Z=585.968), Max=(X=3936.484 Y=5000.658 Z=1050.201) RuntimeGrid:None EditorOnly:0 RuntimeOnly:0 HLODRelevant:1 ListedInSceneOutliner:1 IsMainWorldOnly:0
 |   |   |- [+] [ 35]
 |   |   |   |- Guid:8C6403A44C1C6A31ACE1398CE5AFD517 BaseClass: NativeClass:/Script/Landscape.LandscapeStreamingProxy Name:LandscapeStreamingProxy_1TM89ZHLX9JV6T9RQ5IWQTMCH_1020_1_0_0 Label:LandscapeStreamingProxy_1_0_0 SpatiallyLoaded:1 Bounds:IsValid=true, Min=(X=34.627 Y=-1679.074 Z=647.358), Max=(X=2074.627 Y=360.926 Z=1159.342) RuntimeGrid:None EditorOnly:0 RuntimeOnly:0 HLODRelevant:1 ListedInSceneOutliner:1 IsMainWorldOnly:0
 |   |   |- [+] [ 36]
 |   |   |   |- Guid:8D3035C64DDF5B48DF6CC5AA5AB12CD5 BaseClass: NativeClass:/Script/Landscape.LandscapeStreamingProxy Name:LandscapeStreamingProxy_1TM89ZHLX9JV6T9RQ5IWQTMCH_1020_1_3_0 Label:LandscapeStreamingProxy_1_3_0 SpatiallyLoaded:1 Bounds:IsValid=true, Min=(X=34.627 Y=4440.926 Z=645.358), Max=(X=2074.627 Y=6480.926 Z=717.951) RuntimeGrid:None EditorOnly:0 RuntimeOnly:0 HLODRelevant:1 ListedInSceneOutliner:1 IsMainWorldOnly:0
 |   |   |- [+] [ 37]
 |   |   |   |- Guid:9468A354440A9C139C105AA3B026D134 BaseClass: NativeClass:/Script/Engine.StaticMeshActor Name:StaticMeshActor_UAID_00155D38A43DE1CF01_1151216359 Label:Boundary WaterFall SpatiallyLoaded:1 Bounds:IsValid=true, Min=(X=3278.387 Y=217.337 Z=549.123), Max=(X=3628.387 Y=4567.337 Z=2224.123) RuntimeGrid:None EditorOnly:0 RuntimeOnly:0 HLODRelevant:0 ListedInSceneOutliner:1 IsMainWorldOnly:0
 |   |   |- [+] [ 38]
 |   |   |   |- Guid:979433BC423C6DD7FF1FEDB149BE7857 BaseClass: NativeClass:/Script/Engine.StaticMeshActor Name:StaticMeshActor_UAID_00155D38A43DF5CF01_1306322886 Label:SM_LongRock SpatiallyLoaded:1 Bounds:IsValid=true, Min=(X=3198.047 Y=349.131 Z=241.390), Max=(X=3662.279 Y=1007.943 Z=2036.934) RuntimeGrid:None EditorOnly:0 RuntimeOnly:0 HLODRelevant:1 ListedInSceneOutliner:1 IsMainWorldOnly:0
 |   |   |- [+] [ 39]
 |   |   |   |- Guid:9BB4568340128DBEC43E6F86E2A0ABBE BaseClass: NativeClass:/Script/Engine.StaticMeshActor Name:StaticMeshActor_UAID_00155D38A43DF4CF01_2146791708 Label:SM_StoneSet_A SpatiallyLoaded:1 Bounds:IsValid=true, Min=(X=2893.672 Y=255.789 Z=1053.681), Max=(X=3024.856 Y=429.322 Z=1163.742) RuntimeGrid:None EditorOnly:0 RuntimeOnly:0 HLODRelevant:1 ListedInSceneOutliner:1 IsMainWorldOnly:0
 |   |   |- [+] [ 40]
 |   |   |   |- Guid:A1C114464A26423410B800896FACB14F BaseClass: NativeClass:/Script/Engine.StaticMeshActor Name:StaticMeshActor_UAID_00155D38A43DE1CF01_1207887360 Label:Boundary Right SpatiallyLoaded:1 Bounds:IsValid=true, Min=(X=-253.805 Y=4418.067 Z=549.123), Max=(X=4096.195 Y=4768.067 Z=2224.123) RuntimeGrid:None EditorOnly:0 RuntimeOnly:0 HLODRelevant:0 ListedInSceneOutliner:1 IsMainWorldOnly:0
 |   |   |- [+] [ 41]
 |   |   |   |- Guid:A50BBE2A44895C651C87D697691BE474 BaseClass: NativeClass:/Script/Engine.StaticMeshActor Name:StaticMeshActor_UAID_00155D38A43DE1CF01_1238879361 Label:Boundary Left SpatiallyLoaded:1 Bounds:IsValid=true, Min=(X=-253.805 Y=108.545 Z=549.123), Max=(X=4096.195 Y=458.545 Z=2224.123) RuntimeGrid:None EditorOnly:0 RuntimeOnly:0 HLODRelevant:0 ListedInSceneOutliner:1 IsMainWorldOnly:0
 |   |   |- [+] [ 42]
 |   |   |   |- Guid:B785ED2844B84CFB91E7F39FE661CD99 BaseClass: NativeClass:/Script/Engine.DirectionalLight Name:DirectionalLight_0 Label:DirectionalLight SpatiallyLoaded:0 Bounds:IsValid=true, Min=(X=-1048576.000 Y=-1048576.000 Z=-1048576.000), Max=(X=1048576.000 Y=1048576.000 Z=1048576.000) RuntimeGrid:None EditorOnly:0 RuntimeOnly:0 HLODRelevant:0 ListedInSceneOutliner:1 IsMainWorldOnly:0 FolderPath:Lighting FolderGuid:963EC3EB4002CCE9759E2EBA541A873A
 |   |   |- [+] [ 43]
 |   |   |   |- Guid:B967C08F40ACF9F1A65B3E803B7537C7 BaseClass: NativeClass:/Script/Engine.StaticMeshActor Name:StaticMeshActor_UAID_00155D38A43DF4CF01_1166249699 Label:SM_Rock_02 SpatiallyLoaded:1 Bounds:IsValid=true, Min=(X=2671.578 Y=-875.893 Z=650.263), Max=(X=4077.221 Y=898.367 Z=2316.176) RuntimeGrid:None EditorOnly:0 RuntimeOnly:0 HLODRelevant:1 ListedInSceneOutliner:1 IsMainWorldOnly:0
 |   |   |- [+] [ 44]
 |   |   |   |- Guid:BC82C3CE44213D9E23FF458D9BAC46D5 BaseClass: NativeClass:/Script/Engine.StaticMeshActor Name:StaticMeshActor_UAID_00155D38A43DF8CF01_1288181422 Label:SM_Bush_Large6 SpatiallyLoaded:1 Bounds:IsValid=true, Min=(X=1038.706 Y=4247.185 Z=571.181), Max=(X=1995.579 Y=5210.647 Z=1066.104) RuntimeGrid:None EditorOnly:0 RuntimeOnly:0 HLODRelevant:1 ListedInSceneOutliner:1 IsMainWorldOnly:0
 |   |   |- [+] [ 45]
 |   |   |   |- Guid:BE1BA6DE43945AD3E48697997A354139 BaseClass: NativeClass:/Script/Engine.StaticMeshActor Name:StaticMeshActor_UAID_00155D38A43DF3CF01_1544265519 Label:Shape_Pipe_90 SpatiallyLoaded:1 Bounds:IsValid=true, Min=(X=2927.091 Y=390.108 Z=1006.618), Max=(X=3590.124 Y=1065.466 Z=1096.618) RuntimeGrid:None EditorOnly:0 RuntimeOnly:0 HLODRelevant:1 ListedInSceneOutliner:1 IsMainWorldOnly:0
 |   |   |- [+] [ 46]
 |   |   |   |- Guid:BF4F72404C446FD155AC31B67DE68336 BaseClass: NativeClass:/Script/Engine.StaticMeshActor Name:StaticMeshActor_UAID_00155D38A43DF7CF01_1300817239 Label:SM_LongRock2 SpatiallyLoaded:1 Bounds:IsValid=true, Min=(X=1669.531 Y=-1488.264 Z=-695.069), Max=(X=2560.907 Y=-578.732 Z=1100.474) RuntimeGrid:None EditorOnly:0 RuntimeOnly:0 HLODRelevant:1 ListedInSceneOutliner:1 IsMainWorldOnly:0
 |   |   |- [+] [ 47]
 |   |   |   |- Guid:C6CD224D4B87775BD3B0C293B0DFA4A8 BaseClass: NativeClass:/Script/Landscape.LandscapeStreamingProxy Name:LandscapeStreamingProxy_1TM89ZHLX9JV6T9RQ5IWQTMCH_1020_2_0_0 Label:LandscapeStreamingProxy_2_0_0 SpatiallyLoaded:1 Bounds:IsValid=true, Min=(X=2074.627 Y=-1679.074 Z=647.358), Max=(X=4114.627 Y=360.926 Z=1159.342) RuntimeGrid:None EditorOnly:0 RuntimeOnly:0 HLODRelevant:1 ListedInSceneOutliner:1 IsMainWorldOnly:0
 |   |   |- [+] [ 48]
 |   |   |   |- Guid:C736999540E17D5E2FFB1D95F91239C1 BaseClass: NativeClass:/Script/Engine.StaticMeshActor Name:StaticMeshActor_UAID_00155D38A43DF4CF01_1361711701 Label:SM_Rock_4 SpatiallyLoaded:1 Bounds:IsValid=true, Min=(X=2735.934 Y=90.480 Z=303.139), Max=(X=4834.745 Y=1951.468 Z=1969.052) RuntimeGrid:None EditorOnly:0 RuntimeOnly:0 HLODRelevant:1 ListedInSceneOutliner:1 IsMainWorldOnly:0
 |   |   |- [+] [ 49]
 |   |   |   |- Guid:CCFF262C46EEFFDF319E7F9539CE697E BaseClass: NativeClass:/Script/Engine.SkyAtmosphere Name:SkyAtmosphere_0 Label:SkyAtmosphere SpatiallyLoaded:0 Bounds:IsValid=true, Min=(X=0.000 Y=0.000 Z=1020.000), Max=(X=0.000 Y=0.000 Z=1020.000) RuntimeGrid:None EditorOnly:0 RuntimeOnly:0 HLODRelevant:0 ListedInSceneOutliner:1 IsMainWorldOnly:0 FolderPath:Lighting FolderGuid:963EC3EB4002CCE9759E2EBA541A873A
 |   |   |- [+] [ 50]
 |   |   |   |- Guid:D744FB0A4FECAB3FC654BE92C2A0FF7A BaseClass: NativeClass:/Script/Engine.StaticMeshActor Name:StaticMeshActor_UAID_00155D38A43DF4CF01_1423136703 Label:SM_Rock_6 SpatiallyLoaded:1 Bounds:IsValid=true, Min=(X=2425.984 Y=-253.897 Z=924.655), Max=(X=3348.617 Y=590.965 Z=1734.453) RuntimeGrid:None EditorOnly:0 RuntimeOnly:0 HLODRelevant:1 ListedInSceneOutliner:1 IsMainWorldOnly:0
 |   |   |- [+] [ 51]
 |   |   |   |- Guid:DB3123EE4E262905BCD911A4A5A6E105 BaseClass:/Game/Assets/Rock.Rock_C NativeClass:/Script/Engine.Actor Name:Rock_C_UAID_00155D38A43D2ECF01_1324141848 Label:Rock SpatiallyLoaded:1 Bounds:IsValid=true, Min=(X=1456.323 Y=964.271 Z=1169.455), Max=(X=1538.084 Y=1038.977 Z=1231.684) RuntimeGrid:None EditorOnly:0 RuntimeOnly:0 HLODRelevant:0 ListedInSceneOutliner:1 IsMainWorldOnly:0
 |   |   |- [+] [ 52]
 |   |   |   |- Guid:E25F637F498DFA4ABB9572A938E4FD3D BaseClass: NativeClass:/Script/Landscape.LandscapeStreamingProxy Name:LandscapeStreamingProxy_1TM89ZHLX9JV6T9RQ5IWQTMCH_1020_0_1_0 Label:LandscapeStreamingProxy_0_1_0 SpatiallyLoaded:1 Bounds:IsValid=true, Min=(X=-2005.373 Y=360.926 Z=647.358), Max=(X=34.627 Y=2400.926 Z=1128.529) RuntimeGrid:None EditorOnly:0 RuntimeOnly:0 HLODRelevant:1 ListedInSceneOutliner:1 IsMainWorldOnly:0
 |   |   |- [+] [ 53]
 |   |   |   |- Guid:E59130DD49555AF9DAB00FB0CBE7D05B BaseClass: NativeClass:/Script/Landscape.LandscapeStreamingProxy Name:LandscapeStreamingProxy_1TM89ZHLX9JV6T9RQ5IWQTMCH_1020_3_2_0 Label:LandscapeStreamingProxy_3_2_0 SpatiallyLoaded:1 Bounds:IsValid=true, Min=(X=4114.627 Y=2400.926 Z=647.358), Max=(X=6154.627 Y=4440.926 Z=668.561) RuntimeGrid:None EditorOnly:0 RuntimeOnly:0 HLODRelevant:1 ListedInSceneOutliner:1 IsMainWorldOnly:0
 |   |   |- [+] [ 54]
 |   |   |   |- Guid:E7059665467991E8FA744FB95AEFD99B BaseClass: NativeClass:/Script/Landscape.LandscapeStreamingProxy Name:LandscapeStreamingProxy_1TM89ZHLX9JV6T9RQ5IWQTMCH_1020_2_1_0 Label:LandscapeStreamingProxy_2_1_0 SpatiallyLoaded:1 Bounds:IsValid=true, Min=(X=2074.627 Y=360.926 Z=570.701), Max=(X=4114.627 Y=2400.926 Z=1154.686) RuntimeGrid:None EditorOnly:0 RuntimeOnly:0 HLODRelevant:1 ListedInSceneOutliner:1 IsMainWorldOnly:0
 |   |   |- [+] [ 55]
 |   |   |   |- Guid:E832BAD242ABA2D1E20B88A0E23A6215 BaseClass: NativeClass:/Script/Engine.StaticMeshActor Name:StaticMeshActor_UAID_00155D38A43DF8CF01_1319841423 Label:SM_Rock_8 SpatiallyLoaded:1 Bounds:IsValid=true, Min=(X=-861.545 Y=1633.908 Z=-502.624), Max=(X=1299.579 Y=4077.146 Z=2004.201) RuntimeGrid:None EditorOnly:0 RuntimeOnly:0 HLODRelevant:1 ListedInSceneOutliner:1 IsMainWorldOnly:0
 |   |   |- [+] [ 56]
 |   |   |   |- Guid:EC4E0C944CE6AC6E784BC6BB2916EA13 BaseClass: NativeClass:/Script/Engine.StaticMeshActor Name:StaticMeshActor_UAID_A4AE111137DC5EFB00_1110535423 Label:SM_SkySphere SpatiallyLoaded:0 Bounds:IsValid=true, Min=(X=-1638711.751 Y=-1633280.000 Z=-1637386.224), Max=(X=1638088.249 Y=1633280.000 Z=1639413.776) RuntimeGrid:None EditorOnly:0 RuntimeOnly:0 HLODRelevant:1 ListedInSceneOutliner:1 IsMainWorldOnly:0 FolderPath:Lighting FolderGuid:963EC3EB4002CCE9759E2EBA541A873A
 |   |   |- [+] [ 57]
 |   |   |   |- Guid:ED5B0A99455036BBFAEFAFAB51B1EF8A BaseClass: NativeClass:/Script/Engine.StaticMeshActor Name:StaticMeshActor_UAID_00155D38A43DF8CF01_1249454419 Label:SM_Bush_Large3 SpatiallyLoaded:1 Bounds:IsValid=true, Min=(X=1565.580 Y=4174.723 Z=559.241), Max=(X=2905.751 Y=5327.056 Z=1054.164) RuntimeGrid:None EditorOnly:0 RuntimeOnly:0 HLODRelevant:1 ListedInSceneOutliner:1 IsMainWorldOnly:0
 |   |   |- [+] [ 58]
 |   |   |   |- Guid:F5E3FEB3450C49844FD93DA8E083C8AD BaseClass: NativeClass:/Script/Engine.PostProcessVolume Name:PostProcessVolume_0 Label:PostProcessVolume SpatiallyLoaded:0 Bounds:IsValid=true, Min=(X=0.000 Y=0.000 Z=400.000), Max=(X=200.000 Y=200.000 Z=600.000) RuntimeGrid:None EditorOnly:0 RuntimeOnly:0 HLODRelevant:0 ListedInSceneOutliner:1 IsMainWorldOnly:0 FolderPath:Lighting FolderGuid:963EC3EB4002CCE9759E2EBA541A873A
 |   |   |- [+] [ 59]
 |   |   |   |- Guid:F6E1D49A41AD9B9FBC2AEF8CE1AC678F BaseClass: NativeClass:/Script/Landscape.Landscape Name:Landscape_UAID_00155D38A43DE4CF01_1763910879 Label:Landscape SpatiallyLoaded:0 Bounds:IsValid=true, Min=(X=-2005.373 Y=-1679.074 Z=647.358), Max=(X=-2005.373 Y=-1679.074 Z=647.358) RuntimeGrid:None EditorOnly:0 RuntimeOnly:0 HLODRelevant:0 ListedInSceneOutliner:1 IsMainWorldOnly:0
 |   |   |- [+] [ 60]
 |   |   |   |- Guid:FD76BDDA4773D9AFB227BBA6E75D180E BaseClass: NativeClass:/Script/Engine.StaticMeshActor Name:StaticMeshActor_UAID_00155D38A43DF4CF01_1378449702 Label:SM_Rock_5 SpatiallyLoaded:1 Bounds:IsValid=true, Min=(X=2623.903 Y=147.027 Z=547.323), Max=(X=4905.398 Y=2486.274 Z=2427.549) RuntimeGrid:None EditorOnly:0 RuntimeOnly:0 HLODRelevant:1 ListedInSceneOutliner:1 IsMainWorldOnly:0
 |   |   |- [+] [ 61]
 |   |   |   |- Guid:FDDD9A6C49AFA649074F9CA4DCB98891 BaseClass: NativeClass:/Script/Landscape.LandscapeStreamingProxy Name:LandscapeStreamingProxy_1TM89ZHLX9JV6T9RQ5IWQTMCH_1020_0_3_0 Label:LandscapeStreamingProxy_0_3_0 SpatiallyLoaded:1 Bounds:IsValid=true, Min=(X=-2005.373 Y=4440.926 Z=645.358), Max=(X=34.627 Y=6480.926 Z=679.404) RuntimeGrid:None EditorOnly:0 RuntimeOnly:0 HLODRelevant:1 ListedInSceneOutliner:1 IsMainWorldOnly:0
 |- ContainerInstances:
 |- [+] MainContainer:
 |   |-        ID: 00000000000000000000000000000000
 |   |-  ParentID: 00000000000000000000000000000000
 |   |-    Bounds: IsValid=false, Min=(X=0.000 Y=0.000 Z=0.000), Max=(X=0.000 Y=0.000 Z=0.000)
 |   |- Transform: 0.000000,0.000000,0.000000|0.000000,0.000000,-0.000000|1.000000,1.000000,1.000000
 |   |- Container: /Game/ThirdPerson/Maps/ThirdPersonMap
----------------------------------------------------------------------------------------------------------------
ThirdPersonMap - Persistent Level
----------------------------------------------------------------------------------------------------------------
[+] Content of ThirdPersonMap Persistent Level
 |- Always loaded Actor Count: 70 
 |- Actor Path: /Game/ThirdPerson/Maps/ThirdPersonMap.ThirdPersonMap:PersistentLevel.AbstractNavData-Default
 |- Actor Package: /Game/ThirdPerson/Maps/ThirdPersonMap
 |- Actor Path: /Game/ThirdPerson/Maps/ThirdPersonMap.ThirdPersonMap:PersistentLevel.AudioManager_C_UAID_00155D38A43D4ECF01_1552805479
 |- Actor Package: /Game/__ExternalActors__/ThirdPerson/Maps/ThirdPersonMap/8/WE/7LTPK61ZHTDHKM46DFPKW2
 |- Actor Path: /Game/ThirdPerson/Maps/ThirdPersonMap.ThirdPersonMap:PersistentLevel.Brush_0
 |- Actor Package: /Game/ThirdPerson/Maps/ThirdPersonMap
 |- Actor Path: /Game/ThirdPerson/Maps/ThirdPersonMap.ThirdPersonMap:PersistentLevel.DefaultPhysicsVolume_0
 |- Actor Package: /Game/ThirdPerson/Maps/ThirdPersonMap
 |- Actor Path: /Game/ThirdPerson/Maps/ThirdPersonMap.ThirdPersonMap:PersistentLevel.DirectionalLight_0
 |- Actor Package: /Game/__ExternalActors__/ThirdPerson/Maps/ThirdPersonMap/5/R1/TS5OQ5CRUWFZYL1ZQ7I416
 |- Actor Path: /Game/ThirdPerson/Maps/ThirdPersonMap.ThirdPersonMap:PersistentLevel.ExponentialHeightFog_0
 |- Actor Package: /Game/__ExternalActors__/ThirdPerson/Maps/ThirdPersonMap/6/J7/N10XDC9G27EMLS5AGZ6AVV
 |- Actor Path: /Game/ThirdPerson/Maps/ThirdPersonMap.ThirdPersonMap:PersistentLevel.GameplayDebuggerPlayerManager_0
 |- Actor Package: /Game/ThirdPerson/Maps/ThirdPersonMap
 |- Actor Path: /Game/ThirdPerson/Maps/ThirdPersonMap.ThirdPersonMap:PersistentLevel.IntroCam_C_UAID_00155D38A43DFECE01_1834570400
 |- Actor Package: /Game/__ExternalActors__/ThirdPerson/Maps/ThirdPersonMap/0/3E/A5FEUIUIN00366OHZ7032A
 |- Actor Path: /Game/ThirdPerson/Maps/ThirdPersonMap.ThirdPersonMap:PersistentLevel.Landscape_UAID_00155D38A43DE4CF01_1763910879
 |- Actor Package: /Game/__ExternalActors__/ThirdPerson/Maps/ThirdPersonMap/1/1Z/QG1JPBKF80O24I57XF5TCV
 |- Actor Path: /Game/ThirdPerson/Maps/ThirdPersonMap.ThirdPersonMap:PersistentLevel.LandscapeGizmoActiveActor_0
 |- Actor Package: /Game/ThirdPerson/Maps/ThirdPersonMap
 |- Actor Path: /Game/ThirdPerson/Maps/ThirdPersonMap.ThirdPersonMap:PersistentLevel.LandscapeStreamingProxy_1TM89ZHLX9JV6T9RQ5IWQTMCH_1020_0_0_0
 |- Actor Package: /Game/__ExternalActors__/ThirdPerson/Maps/ThirdPersonMap/5/C4/7SJWK3HTWSCMJT9JM4KDAN
 |- Actor Path: /Game/ThirdPerson/Maps/ThirdPersonMap.ThirdPersonMap:PersistentLevel.LandscapeStreamingProxy_1TM89ZHLX9JV6T9RQ5IWQTMCH_1020_0_1_0
 |- Actor Package: /Game/__ExternalActors__/ThirdPerson/Maps/ThirdPersonMap/D/WF/KI4IRHM442Q7AUAL36YAZG
 |- Actor Path: /Game/ThirdPerson/Maps/ThirdPersonMap.ThirdPersonMap:PersistentLevel.LandscapeStreamingProxy_1TM89ZHLX9JV6T9RQ5IWQTMCH_1020_0_2_0
 |- Actor Package: /Game/__ExternalActors__/ThirdPerson/Maps/ThirdPersonMap/5/JM/61K2JY5SNBSF1YF816MTTA
 |- Actor Path: /Game/ThirdPerson/Maps/ThirdPersonMap.ThirdPersonMap:PersistentLevel.LandscapeStreamingProxy_1TM89ZHLX9JV6T9RQ5IWQTMCH_1020_0_3_0
 |- Actor Package: /Game/__ExternalActors__/ThirdPerson/Maps/ThirdPersonMap/0/1F/1GHCP2DRFL38OK45HSMXLU
 |- Actor Path: /Game/ThirdPerson/Maps/ThirdPersonMap.ThirdPersonMap:PersistentLevel.LandscapeStreamingProxy_1TM89ZHLX9JV6T9RQ5IWQTMCH_1020_1_0_0
 |- Actor Package: /Game/__ExternalActors__/ThirdPerson/Maps/ThirdPersonMap/A/VP/2P6PE3GS3N9T53HDAOKWD5
 |- Actor Path: /Game/ThirdPerson/Maps/ThirdPersonMap.ThirdPersonMap:PersistentLevel.LandscapeStreamingProxy_1TM89ZHLX9JV6T9RQ5IWQTMCH_1020_1_1_0
 |- Actor Package: /Game/__ExternalActors__/ThirdPerson/Maps/ThirdPersonMap/1/IQ/100YHYQIHNIT0WG7CUQ7DF
 |- Actor Path: /Game/ThirdPerson/Maps/ThirdPersonMap.ThirdPersonMap:PersistentLevel.LandscapeStreamingProxy_1TM89ZHLX9JV6T9RQ5IWQTMCH_1020_1_2_0
 |- Actor Package: /Game/__ExternalActors__/ThirdPerson/Maps/ThirdPersonMap/7/Z1/RA34W36DD6GLFWSI5M2CR5
 |- Actor Path: /Game/ThirdPerson/Maps/ThirdPersonMap.ThirdPersonMap:PersistentLevel.LandscapeStreamingProxy_1TM89ZHLX9JV6T9RQ5IWQTMCH_1020_1_3_0
 |- Actor Package: /Game/__ExternalActors__/ThirdPerson/Maps/ThirdPersonMap/B/TZ/36WT6JWO9A3A1E6ILAXEOL
 |- Actor Path: /Game/ThirdPerson/Maps/ThirdPersonMap.ThirdPersonMap:PersistentLevel.LandscapeStreamingProxy_1TM89ZHLX9JV6T9RQ5IWQTMCH_1020_2_0_0
 |- Actor Package: /Game/__ExternalActors__/ThirdPerson/Maps/ThirdPersonMap/C/VJ/AOBQOMHM3VGXG973KP9H9W
 |- Actor Path: /Game/ThirdPerson/Maps/ThirdPersonMap.ThirdPersonMap:PersistentLevel.LandscapeStreamingProxy_1TM89ZHLX9JV6T9RQ5IWQTMCH_1020_2_1_0
 |- Actor Package: /Game/__ExternalActors__/ThirdPerson/Maps/ThirdPersonMap/6/JW/G4QCJVSRK4TU2Q92TENE0A
 |- Actor Path: /Game/ThirdPerson/Maps/ThirdPersonMap.ThirdPersonMap:PersistentLevel.LandscapeStreamingProxy_1TM89ZHLX9JV6T9RQ5IWQTMCH_1020_2_2_0
 |- Actor Package: /Game/__ExternalActors__/ThirdPerson/Maps/ThirdPersonMap/C/LD/ZBTIKZAPP4EUMJXZN4SFVQ
 |- Actor Path: /Game/ThirdPerson/Maps/ThirdPersonMap.ThirdPersonMap:PersistentLevel.LandscapeStreamingProxy_1TM89ZHLX9JV6T9RQ5IWQTMCH_1020_2_3_0
 |- Actor Package: /Game/__ExternalActors__/ThirdPerson/Maps/ThirdPersonMap/4/ZW/WQYRD5ROJE4726O7USK3T2
 |- Actor Path: /Game/ThirdPerson/Maps/ThirdPersonMap.ThirdPersonMap:PersistentLevel.LandscapeStreamingProxy_1TM89ZHLX9JV6T9RQ5IWQTMCH_1020_3_0_0
 |- Actor Package: /Game/__ExternalActors__/ThirdPerson/Maps/ThirdPersonMap/2/VQ/1LZQN6QE2C1OC14AG1R35K
 |- Actor Path: /Game/ThirdPerson/Maps/ThirdPersonMap.ThirdPersonMap:PersistentLevel.LandscapeStreamingProxy_1TM89ZHLX9JV6T9RQ5IWQTMCH_1020_3_1_0
 |- Actor Package: /Game/__ExternalActors__/ThirdPerson/Maps/ThirdPersonMap/1/6D/I6J426OFKJ9YEBMPDP5JG6
 |- Actor Path: /Game/ThirdPerson/Maps/ThirdPersonMap.ThirdPersonMap:PersistentLevel.LandscapeStreamingProxy_1TM89ZHLX9JV6T9RQ5IWQTMCH_1020_3_2_0
 |- Actor Package: /Game/__ExternalActors__/ThirdPerson/Maps/ThirdPersonMap/B/CS/4UHDA5FF6NKN4SEM480RBB
 |- Actor Path: /Game/ThirdPerson/Maps/ThirdPersonMap.ThirdPersonMap:PersistentLevel.LandscapeStreamingProxy_1TM89ZHLX9JV6T9RQ5IWQTMCH_1020_3_3_0
 |- Actor Package: /Game/__ExternalActors__/ThirdPerson/Maps/ThirdPersonMap/9/QP/8Y3OID0LBUCHK3UTSROY1Z
 |- Actor Path: /Game/ThirdPerson/Maps/ThirdPersonMap.ThirdPersonMap:PersistentLevel.PlayerStart_0
 |- Actor Package: /Game/__ExternalActors__/ThirdPerson/Maps/ThirdPersonMap/D/DE/SWSI13675DVYIZ0N4NF7Y3
 |- Actor Path: /Game/ThirdPerson/Maps/ThirdPersonMap.ThirdPersonMap:PersistentLevel.PostProcessVolume_0
 |- Actor Package: /Game/__ExternalActors__/ThirdPerson/Maps/ThirdPersonMap/1/AZ/A7GPT109Y6ZTTJD4A7TXER
 |- Actor Path: /Game/ThirdPerson/Maps/ThirdPersonMap.ThirdPersonMap:PersistentLevel.Rock_C_UAID_00155D38A43D2ECF01_1324141848
 |- Actor Package: /Game/__ExternalActors__/ThirdPerson/Maps/ThirdPersonMap/3/MB/LG9X1NKRDKLI03K88T76R4
 |- Actor Path: /Game/ThirdPerson/Maps/ThirdPersonMap.ThirdPersonMap:PersistentLevel.SkyAtmosphere_0
 |- Actor Package: /Game/__ExternalActors__/ThirdPerson/Maps/ThirdPersonMap/4/LN/30UBDLYFFA5ZR7U4W4L4GG
 |- Actor Path: /Game/ThirdPerson/Maps/ThirdPersonMap.ThirdPersonMap:PersistentLevel.SkyLight_1
 |- Actor Package: /Game/__ExternalActors__/ThirdPerson/Maps/ThirdPersonMap/8/S1/DXUWD12MD3HRWVVXX076BY
 |- Actor Path: /Game/ThirdPerson/Maps/ThirdPersonMap.ThirdPersonMap:PersistentLevel.StaticMeshActor_UAID_00155D38A43DE0CF01_2112666182
 |- Actor Package: /Game/__ExternalActors__/ThirdPerson/Maps/ThirdPersonMap/3/VD/204J4LMQKQF28R7HH1UXJI
 |- Actor Path: /Game/ThirdPerson/Maps/ThirdPersonMap.ThirdPersonMap:PersistentLevel.StaticMeshActor_UAID_00155D38A43DE1CF01_1151216359
 |- Actor Package: /Game/__ExternalActors__/ThirdPerson/Maps/ThirdPersonMap/1/Y4/WZROATDNVJCYUKHTH5LSWC
 |- Actor Path: /Game/ThirdPerson/Maps/ThirdPersonMap.ThirdPersonMap:PersistentLevel.StaticMeshActor_UAID_00155D38A43DE1CF01_1207887360
 |- Actor Package: /Game/__ExternalActors__/ThirdPerson/Maps/ThirdPersonMap/6/E1/XZ6OPLW899YCPNO7DGOSDN
 |- Actor Path: /Game/ThirdPerson/Maps/ThirdPersonMap.ThirdPersonMap:PersistentLevel.StaticMeshActor_UAID_00155D38A43DE1CF01_1238879361
 |- Actor Package: /Game/__ExternalActors__/ThirdPerson/Maps/ThirdPersonMap/7/OT/9DS0N6VCCVIQA31NUNHBJT
 |- Actor Path: /Game/ThirdPerson/Maps/ThirdPersonMap.ThirdPersonMap:PersistentLevel.StaticMeshActor_UAID_00155D38A43DE2CF01_1626384531
 |- Actor Package: /Game/__ExternalActors__/ThirdPerson/Maps/ThirdPersonMap/4/55/WLHI3CLJ3UXAR2Y2KTKYTB
 |- Actor Path: /Game/ThirdPerson/Maps/ThirdPersonMap.ThirdPersonMap:PersistentLevel.StaticMeshActor_UAID_00155D38A43DF3CF01_1544265519
 |- Actor Package: /Game/__ExternalActors__/ThirdPerson/Maps/ThirdPersonMap/3/F5/2W70O6BLTGW52DF01WKQLV
 |- Actor Path: /Game/ThirdPerson/Maps/ThirdPersonMap.ThirdPersonMap:PersistentLevel.StaticMeshActor_UAID_00155D38A43DF4CF01_1166249699
 |- Actor Package: /Game/__ExternalActors__/ThirdPerson/Maps/ThirdPersonMap/A/88/FSCB93RYDUFU3YA4L493YS
 |- Actor Path: /Game/ThirdPerson/Maps/ThirdPersonMap.ThirdPersonMap:PersistentLevel.StaticMeshActor_UAID_00155D38A43DF4CF01_1346605700
 |- Actor Package: /Game/__ExternalActors__/ThirdPerson/Maps/ThirdPersonMap/A/HZ/46XFQ0LH0KYD2GJM4SOXMS
 |- Actor Path: /Game/ThirdPerson/Maps/ThirdPersonMap.ThirdPersonMap:PersistentLevel.StaticMeshActor_UAID_00155D38A43DF4CF01_1361711701
 |- Actor Package: /Game/__ExternalActors__/ThirdPerson/Maps/ThirdPersonMap/7/GZ/YKCLXVEG7VF3H94M4RCHEC
 |- Actor Path: /Game/ThirdPerson/Maps/ThirdPersonMap.ThirdPersonMap:PersistentLevel.StaticMeshActor_UAID_00155D38A43DF4CF01_1378449702
 |- Actor Package: /Game/__ExternalActors__/ThirdPerson/Maps/ThirdPersonMap/9/P6/SJ25KP5KXSLLLD7TJOU9HZ
 |- Actor Path: /Game/ThirdPerson/Maps/ThirdPersonMap.ThirdPersonMap:PersistentLevel.StaticMeshActor_UAID_00155D38A43DF4CF01_1423136703
 |- Actor Package: /Game/__ExternalActors__/ThirdPerson/Maps/ThirdPersonMap/D/L7/RXTZ7L3HN3B2P5T471C2C9
 |- Actor Path: /Game/ThirdPerson/Maps/ThirdPersonMap.ThirdPersonMap:PersistentLevel.StaticMeshActor_UAID_00155D38A43DF4CF01_1589154704
 |- Actor Package: /Game/__ExternalActors__/ThirdPerson/Maps/ThirdPersonMap/8/9M/6XBHT70YIW2LJKLJFKOHZY
 |- Actor Path: /Game/ThirdPerson/Maps/ThirdPersonMap.ThirdPersonMap:PersistentLevel.StaticMeshActor_UAID_00155D38A43DF4CF01_2006001707
 |- Actor Package: /Game/__ExternalActors__/ThirdPerson/Maps/ThirdPersonMap/0/22/LYLWNOONMXO0L03R4KFQ6C
 |- Actor Path: /Game/ThirdPerson/Maps/ThirdPersonMap.ThirdPersonMap:PersistentLevel.StaticMeshActor_UAID_00155D38A43DF4CF01_2146791708
 |- Actor Package: /Game/__ExternalActors__/ThirdPerson/Maps/ThirdPersonMap/8/C1/BC9BN5UHJL54KSPE237MI9
 |- Actor Path: /Game/ThirdPerson/Maps/ThirdPersonMap.ThirdPersonMap:PersistentLevel.StaticMeshActor_UAID_00155D38A43DF5CF01_1306322886
 |- Actor Package: /Game/__ExternalActors__/ThirdPerson/Maps/ThirdPersonMap/9/6G/2NB3MB3RGU32P6MNXLT8VH
 |- Actor Path: /Game/ThirdPerson/Maps/ThirdPersonMap.ThirdPersonMap:PersistentLevel.StaticMeshActor_UAID_00155D38A43DF7CF01_1300817239
 |- Actor Package: /Game/__ExternalActors__/ThirdPerson/Maps/ThirdPersonMap/9/OS/44J0UXKHLB72AKMYHJCZ7H
 |- Actor Path: /Game/ThirdPerson/Maps/ThirdPersonMap.ThirdPersonMap:PersistentLevel.StaticMeshActor_UAID_00155D38A43DF8CF01_1099408417
 |- Actor Package: /Game/__ExternalActors__/ThirdPerson/Maps/ThirdPersonMap/6/AQ/M5ZR8D776D5AKNDCGAZA9D
 |- Actor Path: /Game/ThirdPerson/Maps/ThirdPersonMap.ThirdPersonMap:PersistentLevel.StaticMeshActor_UAID_00155D38A43DF8CF01_1102226418
 |- Actor Package: /Game/__ExternalActors__/ThirdPerson/Maps/ThirdPersonMap/5/SK/2Y513ECE2JSG97YTLEQKFE
 |- Actor Path: /Game/ThirdPerson/Maps/ThirdPersonMap.ThirdPersonMap:PersistentLevel.StaticMeshActor_UAID_00155D38A43DF8CF01_1249454419
 |- Actor Package: /Game/__ExternalActors__/ThirdPerson/Maps/ThirdPersonMap/5/D3/2E160NBJ6COG0QIMRRFS7D
 |- Actor Path: /Game/ThirdPerson/Maps/ThirdPersonMap.ThirdPersonMap:PersistentLevel.StaticMeshActor_UAID_00155D38A43DF8CF01_1249456420
 |- Actor Package: /Game/__ExternalActors__/ThirdPerson/Maps/ThirdPersonMap/C/1U/WVQX4W24RWZ8OL441YASRY
 |- Actor Path: /Game/ThirdPerson/Maps/ThirdPersonMap.ThirdPersonMap:PersistentLevel.StaticMeshActor_UAID_00155D38A43DF8CF01_1288179421
 |- Actor Package: /Game/__ExternalActors__/ThirdPerson/Maps/ThirdPersonMap/0/H0/FK6M00EPECPTNUGULU990D
 |- Actor Path: /Game/ThirdPerson/Maps/ThirdPersonMap.ThirdPersonMap:PersistentLevel.StaticMeshActor_UAID_00155D38A43DF8CF01_1288181422
 |- Actor Package: /Game/__ExternalActors__/ThirdPerson/Maps/ThirdPersonMap/6/10/L433M7XLMV5Z601UPLDIAN
 |- Actor Path: /Game/ThirdPerson/Maps/ThirdPersonMap.ThirdPersonMap:PersistentLevel.StaticMeshActor_UAID_00155D38A43DF8CF01_1319841423
 |- Actor Package: /Game/__ExternalActors__/ThirdPerson/Maps/ThirdPersonMap/6/Y9/SCRUJDNNJ2SSGDI8173YXA
 |- Actor Path: /Game/ThirdPerson/Maps/ThirdPersonMap.ThirdPersonMap:PersistentLevel.StaticMeshActor_UAID_00155D38A43DF8CF01_1319843424
 |- Actor Package: /Game/__ExternalActors__/ThirdPerson/Maps/ThirdPersonMap/0/TG/XJTNBW2VGWTCI9CYH3EQY2
 |- Actor Path: /Game/ThirdPerson/Maps/ThirdPersonMap.ThirdPersonMap:PersistentLevel.StaticMeshActor_UAID_00155D38A43DF8CF01_1319843425
 |- Actor Package: /Game/__ExternalActors__/ThirdPerson/Maps/ThirdPersonMap/4/MP/GY4LCKHC13P5VANRJ91QZJ
 |- Actor Path: /Game/ThirdPerson/Maps/ThirdPersonMap.ThirdPersonMap:PersistentLevel.StaticMeshActor_UAID_00155D38A43DF8CF01_1429877426
 |- Actor Package: /Game/__ExternalActors__/ThirdPerson/Maps/ThirdPersonMap/8/LL/8VOXQ07MBWH16UW7FJR0LL
 |- Actor Path: /Game/ThirdPerson/Maps/ThirdPersonMap.ThirdPersonMap:PersistentLevel.StaticMeshActor_UAID_00155D38A43DF8CF01_1429879427
 |- Actor Package: /Game/__ExternalActors__/ThirdPerson/Maps/ThirdPersonMap/0/XP/K0AUBKY68Q65RHBA6B83YN
 |- Actor Path: /Game/ThirdPerson/Maps/ThirdPersonMap.ThirdPersonMap:PersistentLevel.StaticMeshActor_UAID_00155D38A43DF8CF01_1481600428
 |- Actor Package: /Game/__ExternalActors__/ThirdPerson/Maps/ThirdPersonMap/B/6R/MYNW0BX8904P1FKRHNJOI1
 |- Actor Path: /Game/ThirdPerson/Maps/ThirdPersonMap.ThirdPersonMap:PersistentLevel.StaticMeshActor_UAID_00155D38A43DF8CF01_1525521429
 |- Actor Package: /Game/__ExternalActors__/ThirdPerson/Maps/ThirdPersonMap/E/PW/GZJD1PN021L0S29VIOCM2B
 |- Actor Path: /Game/ThirdPerson/Maps/ThirdPersonMap.ThirdPersonMap:PersistentLevel.StaticMeshActor_UAID_00155D38A43DF8CF01_1562038430
 |- Actor Package: /Game/__ExternalActors__/ThirdPerson/Maps/ThirdPersonMap/1/5T/HYOAR1TMY2IJ2MHKSGHES2
 |- Actor Path: /Game/ThirdPerson/Maps/ThirdPersonMap.ThirdPersonMap:PersistentLevel.StaticMeshActor_UAID_00155D38A43DF8CF01_1598564431
 |- Actor Package: /Game/__ExternalActors__/ThirdPerson/Maps/ThirdPersonMap/1/5R/T0E66ZCEGHM6J32OHQB34Y
 |- Actor Path: /Game/ThirdPerson/Maps/ThirdPersonMap.ThirdPersonMap:PersistentLevel.StaticMeshActor_UAID_00155D38A43DF8CF01_1598566433
 |- Actor Package: /Game/__ExternalActors__/ThirdPerson/Maps/ThirdPersonMap/C/RT/HITHPN14JJUMK00V56IGET
 |- Actor Path: /Game/ThirdPerson/Maps/ThirdPersonMap.ThirdPersonMap:PersistentLevel.StaticMeshActor_UAID_A4AE111137DC5EFB00_1110535423
 |- Actor Package: /Game/__ExternalActors__/ThirdPerson/Maps/ThirdPersonMap/4/PN/2QISIGK5DJNQ05US8O8FXW
 |- Actor Path: /Game/ThirdPerson/Maps/ThirdPersonMap.ThirdPersonMap:PersistentLevel.TestPrompt_C_UAID_00155D38A43D41CF01_1255438193
 |- Actor Package: /Game/__ExternalActors__/ThirdPerson/Maps/ThirdPersonMap/5/LM/96ELOYH5EM3HV75J95SSES
 |- Actor Path: /Game/ThirdPerson/Maps/ThirdPersonMap.ThirdPersonMap:PersistentLevel.ThirdPersonMap_C_4
 |- Actor Package: /Game/ThirdPerson/Maps/ThirdPersonMap
 |- Actor Path: /Game/ThirdPerson/Maps/ThirdPersonMap.ThirdPersonMap:PersistentLevel.VolumetricCloud_0
 |- Actor Package: /Game/__ExternalActors__/ThirdPerson/Maps/ThirdPersonMap/3/EY/87SHEJN5UBEAN2K5OV1G6R
 |- Actor Path: /Game/ThirdPerson/Maps/ThirdPersonMap.ThirdPersonMap:PersistentLevel.WorldDataLayers
 |- Actor Package: /Game/__ExternalActors__/ThirdPerson/Maps/ThirdPersonMap/0/43/HYQWORMY4JDQ5X3OKZXFLC
 |- Actor Path: /Game/ThirdPerson/Maps/ThirdPersonMap.ThirdPersonMap:PersistentLevel.WorldInfo_0
 |- Actor Package: /Game/ThirdPerson/Maps/ThirdPersonMap
 |- Actor Path: /Game/ThirdPerson/Maps/ThirdPersonMap.ThirdPersonMap:PersistentLevel.WorldPartitionMiniMap_0
 |- Actor Package: /Game/__ExternalActors__/ThirdPerson/Maps/ThirdPersonMap/E/FR/LBG6LPN5JCL3FMVSI2CK6R

----------------------------------------------------------------------------------------------------------------
ThirdPersonMap - Runtime Spatial Hash - Streaming Grid - MainGrid
----------------------------------------------------------------------------------------------------------------
            Origin: X=0.000 Y=0.000 Z=0.000
         Cell Size: 12800
      World Bounds: IsValid=false, Min=(X=0.000 Y=0.000 Z=0.000), Max=(X=0.000 Y=0.000 Z=0.000)
     Loading Range: 25600.00
Block Slow Loading: No
 ClientOnlyVisible: No
            Origin: X=0.000 Y=0.000 Z=0.000

[+] Grid Levels: 1
 |- Level  0: Cell Count    0 | Cell Size   12800 | Actor Count    0 (0.0%)

[+] Content of Grid Level 0

