[+] Containers:
 |- [+] Container: /Game/ThirdPerson/Maps/ThirdPersonMap
 |   |- [+] ActorDescs:
 |   |   |- Guid:02C30883478B90A28B3D88B6EF8ECB17 BaseClass: NativeClass:/Script/Engine.StaticMeshActor Name:StaticMeshActor_UAID_00155D38A43DE2CF01_1280648527 Label:Shape_Cube SpatiallyLoaded:1 Bounds:IsValid=true, Min=(X=3039.086 Y=278.282 Z=959.609), Max=(X=3427.919 Y=786.650 Z=2249.609) RuntimeGrid:None EditorOnly:0 RuntimeOnly:0 HLODRelevant:1 ListedInSceneOutliner:1 IsMainWorldOnly:0
 |   |   |- Guid:04186F3B420A0270B7E1B6A1CA99F0FC BaseClass: NativeClass:/Script/Landscape.LandscapeStreamingProxy Name:LandscapeStreamingProxy_1TM89ZHLX9JV6T9RQ5IWQTMCH_1020_3_3_0 Label:LandscapeStreamingProxy_3_3_0 SpatiallyLoaded:1 Bounds:IsValid=true, Min=(X=4114.627 Y=4440.926 Z=645.358), Max=(X=6154.627 Y=6480.926 Z=654.701) RuntimeGrid:None EditorOnly:0 RuntimeOnly:0 HLODRelevant:1 ListedInSceneOutliner:1 IsMainWorldOnly:0
 |   |   |- Guid:15F5690D411463815749C981913CE5A2 BaseClass: NativeClass:/Script/Landscape.LandscapeStreamingProxy Name:LandscapeStreamingProxy_1TM89ZHLX9JV6T9RQ5IWQTMCH_1020_2_3_0 Label:LandscapeStreamingProxy_2_3_0 SpatiallyLoaded:1 Bounds:IsValid=true, Min=(X=2074.627 Y=4440.926 Z=645.358), Max=(X=4114.627 Y=6480.926 Z=704.467) RuntimeGrid:None EditorOnly:0 RuntimeOnly:0 HLODRelevant:1 ListedInSceneOutliner:1 IsMainWorldOnly:0
 |   |   |- Guid:1AAE93B44BE38F6922A16C94B9ED9D57 BaseClass: NativeClass:/Script/Engine.StaticMeshActor Name:StaticMeshActor_UAID_00155D38A43DFBCE01_1387880872 Label:Shape_Cylinder SpatiallyLoaded:1 Bounds:IsValid=true, Min=(X=1155.000 Y=1025.000 Z=1053.511), Max=(X=1305.000 Y=1175.000 Z=1103.511) RuntimeGrid:None EditorOnly:0 RuntimeOnly:0 HLODRelevant:1 ListedInSceneOutliner:1 IsMainWorldOnly:0
 |   |   |- Guid:2481734342BCBEAE162BFDA910A8F32E BaseClass: NativeClass:/Script/Landscape.LandscapeStreamingProxy Name:LandscapeStreamingProxy_1TM89ZHLX9JV6T9RQ5IWQTMCH_1020_2_2_0 Label:LandscapeStreamingProxy_2_2_0 SpatiallyLoaded:1 Bounds:IsValid=true, Min=(X=2074.627 Y=2400.926 Z=648.998), Max=(X=4114.627 Y=4440.926 Z=730.701) RuntimeGrid:None EditorOnly:0 RuntimeOnly:0 HLODRelevant:1 ListedInSceneOutliner:1 IsMainWorldOnly:0
 |   |   |- Guid:2BF1D5994ADF1FD34A9447A2B0F505AD BaseClass: NativeClass:/Script/Landscape.LandscapeStreamingProxy Name:LandscapeStreamingProxy_1TM89ZHLX9JV6T9RQ5IWQTMCH_1020_0_0_0 Label:LandscapeStreamingProxy_0_0_0 SpatiallyLoaded:1 Bounds:IsValid=true, Min=(X=-2005.373 Y=-1679.074 Z=647.358), Max=(X=34.627 Y=360.926 Z=1130.295) RuntimeGrid:None EditorOnly:0 RuntimeOnly:0 HLODRelevant:1 ListedInSceneOutliner:1 IsMainWorldOnly:0
 |   |   |- Guid:2FB58999456391D349DC0F86DAC136ED BaseClass: NativeClass:/Script/Engine.SkyLight Name:SkyLight_1 Label:SkyLight SpatiallyLoaded:0 Bounds:IsValid=true, Min=(X=0.000 Y=0.000 Z=690.000), Max=(X=0.000 Y=0.000 Z=690.000) RuntimeGrid:None EditorOnly:0 RuntimeOnly:0 HLODRelevant:0 ListedInSceneOutliner:1 IsMainWorldOnly:0 FolderPath:Lighting FolderGuid:963EC3EB4002CCE9759E2EBA541A873A
 |   |   |- Guid:316CF2A6494ACA4C0E4180A87D36AB8F BaseClass: NativeClass:/Script/Engine.ExponentialHeightFog Name:ExponentialHeightFog_0 Label:ExponentialHeightFog SpatiallyLoaded:0 Bounds:IsValid=true, Min=(X=-5600.000 Y=-50.000 Z=-6850.000), Max=(X=-5600.000 Y=-50.000 Z=-6850.000) RuntimeGrid:None EditorOnly:0 RuntimeOnly:0 HLODRelevant:0 ListedInSceneOutliner:1 IsMainWorldOnly:0 FolderPath:Lighting FolderGuid:963EC3EB4002CCE9759E2EBA541A873A
 |   |   |- Guid:360F884C4D0486624CA37B9E850E2E8E BaseClass: NativeClass:/Script/Engine.StaticMeshActor Name:StaticMeshActor_UAID_00155D38A43DE0CF01_2112666182 Label:Shape_Cube2 SpatiallyLoaded:1 Bounds:IsValid=true, Min=(X=147.047 Y=217.337 Z=549.123), Max=(X=497.047 Y=4567.337 Z=2224.123) RuntimeGrid:None EditorOnly:0 RuntimeOnly:0 HLODRelevant:1 ListedInSceneOutliner:1 IsMainWorldOnly:0
 |   |   |- Guid:3A00AA1C422CE54C0BDB60BAF471BFBB BaseClass: NativeClass:/Script/Engine.PlayerStart Name:PlayerStart_0 Label:PlayerStart SpatiallyLoaded:0 Bounds:IsValid=true, Min=(X=808.150 Y=1070.000 Z=1071.423), Max=(X=888.150 Y=1150.000 Z=1255.423) RuntimeGrid:None EditorOnly:0 RuntimeOnly:0 HLODRelevant:0 ListedInSceneOutliner:1 IsMainWorldOnly:0
 |   |   |- Guid:3C0010D1422BA9225D50248FA1EBB305 BaseClass: NativeClass:/Script/Landscape.LandscapeStreamingProxy Name:LandscapeStreamingProxy_1TM89ZHLX9JV6T9RQ5IWQTMCH_1020_1_1_0 Label:LandscapeStreamingProxy_1_1_0 SpatiallyLoaded:1 Bounds:IsValid=true, Min=(X=34.627 Y=360.926 Z=661.983), Max=(X=2074.627 Y=2400.926 Z=1144.373) RuntimeGrid:None EditorOnly:0 RuntimeOnly:0 HLODRelevant:1 ListedInSceneOutliner:1 IsMainWorldOnly:0
 |   |   |- Guid:4D3BE93F4146AAAC8BBE79999D96D57F BaseClass: NativeClass:/Script/Engine.VolumetricCloud Name:VolumetricCloud_0 Label:VolumetricCloud SpatiallyLoaded:0 Bounds:IsValid=true, Min=(X=0.000 Y=0.000 Z=820.000), Max=(X=0.000 Y=0.000 Z=820.000) RuntimeGrid:None EditorOnly:0 RuntimeOnly:0 HLODRelevant:0 ListedInSceneOutliner:1 IsMainWorldOnly:0 FolderPath:Lighting FolderGuid:963EC3EB4002CCE9759E2EBA541A873A
 |   |   |- Guid:56BEC0254598FECCB93D85A2B68824C4 BaseClass:/Game/IntroCam.IntroCam_C NativeClass:/Script/Engine.CameraActor Name:IntroCam_C_UAID_00155D38A43DFECE01_1834570400 Label:IntroCam SpatiallyLoaded:1 Bounds:IsValid=true, Min=(X=1110.000 Y=980.000 Z=1191.039), Max=(X=1110.000 Y=980.000 Z=1191.039) RuntimeGrid:None EditorOnly:0 RuntimeOnly:0 HLODRelevant:0 ListedInSceneOutliner:1 IsMainWorldOnly:0
 |   |   |- Guid:62201081452EDAC7174E6EB8858642FA BaseClass:/Game/Assets/Narrator.Narrator_C NativeClass:/Script/Engine.Actor Name:AudioManager_C_UAID_00155D38A43D4ECF01_1552805479 Label:AudioManager SpatiallyLoaded:1 Bounds:IsValid=true, Min=(X=1384.573 Y=730.885 Z=1447.190), Max=(X=1384.573 Y=730.885 Z=1447.190) RuntimeGrid:None EditorOnly:0 RuntimeOnly:0 HLODRelevant:0 ListedInSceneOutliner:1 IsMainWorldOnly:0
 |   |   |- Guid:6543EDDF4E16337DCF0068AC9373662C BaseClass: NativeClass:/Script/Engine.StaticMeshActor Name:StaticMeshActor_UAID_00155D38A43DDECF01_1144325823 Label:Shape_Cylinder2 SpatiallyLoaded:1 Bounds:IsValid=true, Min=(X=1130.000 Y=1000.000 Z=982.644), Max=(X=1330.000 Y=1200.000 Z=1082.644) RuntimeGrid:None EditorOnly:0 RuntimeOnly:0 HLODRelevant:1 ListedInSceneOutliner:1 IsMainWorldOnly:0
 |   |   |- Guid:656F0C9B487FAC45864A86B9D3EC454E BaseClass: NativeClass:/Script/Engine.StaticMeshActor Name:StaticMeshActor_UAID_00155D38A43DE2CF01_1626384531 Label:Shape_Cube8 SpatiallyLoaded:1 Bounds:IsValid=true, Min=(X=2608.983 Y=276.509 Z=849.643), Max=(X=3408.983 Y=1076.509 Z=1049.643) RuntimeGrid:None EditorOnly:0 RuntimeOnly:0 HLODRelevant:1 ListedInSceneOutliner:1 IsMainWorldOnly:0
 |   |   |- Guid:6746F71D425012E3B1BEC6BA0DB6BD6E BaseClass: NativeClass:/Script/Landscape.LandscapeStreamingProxy Name:LandscapeStreamingProxy_1TM89ZHLX9JV6T9RQ5IWQTMCH_1020_3_1_0 Label:LandscapeStreamingProxy_3_1_0 SpatiallyLoaded:1 Bounds:IsValid=true, Min=(X=4114.627 Y=360.926 Z=645.358), Max=(X=6154.627 Y=2400.926 Z=691.373) RuntimeGrid:None EditorOnly:0 RuntimeOnly:0 HLODRelevant:1 ListedInSceneOutliner:1 IsMainWorldOnly:0
 |   |   |- Guid:6BAF4DDD444C60371492D3919DB42C97 BaseClass: NativeClass:/Script/Engine.WorldDataLayers Name:WorldDataLayers Label:WorldDataLayers SpatiallyLoaded:0 Bounds:IsValid=true, Min=(X=0.000 Y=0.000 Z=0.000), Max=(X=0.000 Y=0.000 Z=0.000) RuntimeGrid:None EditorOnly:0 RuntimeOnly:0 HLODRelevant:0 ListedInSceneOutliner:1 IsMainWorldOnly:1
 |   |   |- Guid:6F8207F4439C816507E7C7BDD67499E1 BaseClass: NativeClass:/Script/Landscape.LandscapeStreamingProxy Name:LandscapeStreamingProxy_1TM89ZHLX9JV6T9RQ5IWQTMCH_1020_3_0_0 Label:LandscapeStreamingProxy_3_0_0 SpatiallyLoaded:1 Bounds:IsValid=true, Min=(X=4114.627 Y=-1679.074 Z=645.358), Max=(X=6154.627 Y=360.926 Z=754.592) RuntimeGrid:None EditorOnly:0 RuntimeOnly:0 HLODRelevant:1 ListedInSceneOutliner:1 IsMainWorldOnly:0
 |   |   |- Guid:73B5F0894A58631D1D22738425ADF73A BaseClass: NativeClass:/Script/Engine.StaticMeshActor Name:StaticMeshActor_UAID_00155D38A43DE1CF01_1761209366 Label:Shape_Cube7 SpatiallyLoaded:1 Bounds:IsValid=true, Min=(X=3002.086 Y=1753.801 Z=-629.265), Max=(X=3452.086 Y=2103.801 Z=1045.735) RuntimeGrid:None EditorOnly:0 RuntimeOnly:0 HLODRelevant:1 ListedInSceneOutliner:1 IsMainWorldOnly:0
 |   |   |- Guid:7440A37E4D55A173388029A52F105685 BaseClass: NativeClass:/Script/Engine.StaticMeshActor Name:StaticMeshActor_UAID_00155D38A43DE0CF01_1564639177 Label:SM_Cube6 SpatiallyLoaded:1 Bounds:IsValid=true, Min=(X=1878.702 Y=1777.633 Z=593.945), Max=(X=3278.702 Y=3102.633 Z=643.945) RuntimeGrid:None EditorOnly:0 RuntimeOnly:0 HLODRelevant:1 ListedInSceneOutliner:1 IsMainWorldOnly:0
 |   |   |- Guid:7680364742AF867AEB3F44A24D7F4FD0 BaseClass: NativeClass:/Script/Landscape.LandscapeStreamingProxy Name:LandscapeStreamingProxy_1TM89ZHLX9JV6T9RQ5IWQTMCH_1020_0_2_0 Label:LandscapeStreamingProxy_0_2_0 SpatiallyLoaded:1 Bounds:IsValid=true, Min=(X=-2005.373 Y=2400.926 Z=647.358), Max=(X=34.627 Y=4440.926 Z=703.404) RuntimeGrid:None EditorOnly:0 RuntimeOnly:0 HLODRelevant:1 ListedInSceneOutliner:1 IsMainWorldOnly:0
 |   |   |- Guid:7768DAB543CC66A9136022BD924D34B0 BaseClass:/Game/Assets/TestPrompt.TestPrompt_C NativeClass:/Script/Engine.Actor Name:TestPrompt_C_UAID_00155D38A43D41CF01_1255438193 Label:TestPrompt SpatiallyLoaded:1 Bounds:IsValid=true, Min=(X=1656.704 Y=1013.465 Z=1060.930), Max=(X=1720.704 Y=1077.465 Z=1124.930) RuntimeGrid:None EditorOnly:0 RuntimeOnly:0 HLODRelevant:0 ListedInSceneOutliner:1 IsMainWorldOnly:0
 |   |   |- Guid:87E9AE48472AE09AEF4FFC827A176F3F BaseClass: NativeClass:/Script/Engine.StaticMeshActor Name:StaticMeshActor_UAID_00155D38A43DE2CF01_1698353532 Label:SM_Cube11 SpatiallyLoaded:1 Bounds:IsValid=true, Min=(X=2662.722 Y=1073.820 Z=1003.776), Max=(X=3312.722 Y=1773.820 Z=1053.776) RuntimeGrid:None EditorOnly:0 RuntimeOnly:0 HLODRelevant:1 ListedInSceneOutliner:1 IsMainWorldOnly:0
 |   |   |- Guid:87F8E1E24066B70F216DC9AFE54F09FF BaseClass: NativeClass:/Script/Landscape.LandscapeStreamingProxy Name:LandscapeStreamingProxy_1TM89ZHLX9JV6T9RQ5IWQTMCH_1020_1_2_0 Label:LandscapeStreamingProxy_1_2_0 SpatiallyLoaded:1 Bounds:IsValid=true, Min=(X=34.627 Y=2400.926 Z=655.092), Max=(X=2074.627 Y=4440.926 Z=772.811) RuntimeGrid:None EditorOnly:0 RuntimeOnly:0 HLODRelevant:1 ListedInSceneOutliner:1 IsMainWorldOnly:0
 |   |   |- Guid:880DC904406B5374F94AB3A242F6E403 BaseClass: NativeClass:/Script/Engine.StaticMeshActor Name:StaticMeshActor_UAID_00155D38A43DF4CF01_1346605700 Label:SM_Rock_3 SpatiallyLoaded:1 Bounds:IsValid=true, Min=(X=1502.471 Y=-1278.344 Z=303.139), Max=(X=3741.847 Y=826.109 Z=1969.052) RuntimeGrid:None EditorOnly:0 RuntimeOnly:0 HLODRelevant:1 ListedInSceneOutliner:1 IsMainWorldOnly:0
 |   |   |- Guid:8C6403A44C1C6A31ACE1398CE5AFD517 BaseClass: NativeClass:/Script/Landscape.LandscapeStreamingProxy Name:LandscapeStreamingProxy_1TM89ZHLX9JV6T9RQ5IWQTMCH_1020_1_0_0 Label:LandscapeStreamingProxy_1_0_0 SpatiallyLoaded:1 Bounds:IsValid=true, Min=(X=34.627 Y=-1679.074 Z=647.358), Max=(X=2074.627 Y=360.926 Z=1159.342) RuntimeGrid:None EditorOnly:0 RuntimeOnly:0 HLODRelevant:1 ListedInSceneOutliner:1 IsMainWorldOnly:0
 |   |   |- Guid:8D3035C64DDF5B48DF6CC5AA5AB12CD5 BaseClass: NativeClass:/Script/Landscape.LandscapeStreamingProxy Name:LandscapeStreamingProxy_1TM89ZHLX9JV6T9RQ5IWQTMCH_1020_1_3_0 Label:LandscapeStreamingProxy_1_3_0 SpatiallyLoaded:1 Bounds:IsValid=true, Min=(X=34.627 Y=4440.926 Z=645.358), Max=(X=2074.627 Y=6480.926 Z=717.951) RuntimeGrid:None EditorOnly:0 RuntimeOnly:0 HLODRelevant:1 ListedInSceneOutliner:1 IsMainWorldOnly:0
 |   |   |- Guid:941C423142E23454DBD7D39E2970FB9D BaseClass: NativeClass:/Script/Engine.StaticMeshActor Name:StaticMeshActor_UAID_00155D38A43DE1CF01_1303519363 Label:SM_Cube10 SpatiallyLoaded:1 Bounds:IsValid=true, Min=(X=1628.706 Y=1777.634 Z=641.168), Max=(X=2993.943 Y=2102.634 Z=1051.811) RuntimeGrid:None EditorOnly:0 RuntimeOnly:0 HLODRelevant:1 ListedInSceneOutliner:1 IsMainWorldOnly:0
 |   |   |- Guid:9468A354440A9C139C105AA3B026D134 BaseClass: NativeClass:/Script/Engine.StaticMeshActor Name:StaticMeshActor_UAID_00155D38A43DE1CF01_1151216359 Label:Shape_Cube3 SpatiallyLoaded:1 Bounds:IsValid=true, Min=(X=3278.387 Y=217.337 Z=549.123), Max=(X=3628.387 Y=4567.337 Z=2224.123) RuntimeGrid:None EditorOnly:0 RuntimeOnly:0 HLODRelevant:0 ListedInSceneOutliner:1 IsMainWorldOnly:0
 |   |   |- Guid:A1C114464A26423410B800896FACB14F BaseClass: NativeClass:/Script/Engine.StaticMeshActor Name:StaticMeshActor_UAID_00155D38A43DE1CF01_1207887360 Label:Shape_Cube4 SpatiallyLoaded:1 Bounds:IsValid=true, Min=(X=-253.805 Y=4418.067 Z=549.123), Max=(X=4096.195 Y=4768.067 Z=2224.123) RuntimeGrid:None EditorOnly:0 RuntimeOnly:0 HLODRelevant:1 ListedInSceneOutliner:1 IsMainWorldOnly:0
 |   |   |- Guid:A313F94C4E3F936C0FD567ACD542B209 BaseClass: NativeClass:/Script/Engine.StaticMeshActor Name:StaticMeshActor_UAID_00155D38A43DE1CF01_1632921365 Label:Shape_Wedge_B SpatiallyLoaded:1 Bounds:IsValid=true, Min=(X=1532.512 Y=1752.583 Z=643.945), Max=(X=3007.512 Y=2102.583 Z=1043.945) RuntimeGrid:None EditorOnly:0 RuntimeOnly:0 HLODRelevant:1 ListedInSceneOutliner:1 IsMainWorldOnly:0
 |   |   |- Guid:A50BBE2A44895C651C87D697691BE474 BaseClass: NativeClass:/Script/Engine.StaticMeshActor Name:StaticMeshActor_UAID_00155D38A43DE1CF01_1238879361 Label:Shape_Cube5 SpatiallyLoaded:1 Bounds:IsValid=true, Min=(X=-253.805 Y=108.545 Z=549.123), Max=(X=4096.195 Y=458.545 Z=2224.123) RuntimeGrid:None EditorOnly:0 RuntimeOnly:0 HLODRelevant:0 ListedInSceneOutliner:1 IsMainWorldOnly:0
 |   |   |- Guid:A6D890A34A13878B191314B95C726840 BaseClass: NativeClass:/Script/Engine.StaticMeshActor Name:StaticMeshActor_UAID_00155D38A43DE0CF01_1840906179 Label:SM_Cube8 SpatiallyLoaded:1 Bounds:IsValid=true, Min=(X=1878.702 Y=3096.415 Z=611.248), Max=(X=3278.702 Y=4421.415 Z=661.248) RuntimeGrid:None EditorOnly:0 RuntimeOnly:0 HLODRelevant:1 ListedInSceneOutliner:1 IsMainWorldOnly:0
 |   |   |- Guid:B785ED2844B84CFB91E7F39FE661CD99 BaseClass: NativeClass:/Script/Engine.DirectionalLight Name:DirectionalLight_0 Label:DirectionalLight SpatiallyLoaded:0 Bounds:IsValid=true, Min=(X=-1048576.000 Y=-1048576.000 Z=-1048576.000), Max=(X=1048576.000 Y=1048576.000 Z=1048576.000) RuntimeGrid:None EditorOnly:0 RuntimeOnly:0 HLODRelevant:0 ListedInSceneOutliner:1 IsMainWorldOnly:0 FolderPath:Lighting FolderGuid:963EC3EB4002CCE9759E2EBA541A873A
 |   |   |- Guid:B967C08F40ACF9F1A65B3E803B7537C7 BaseClass: NativeClass:/Script/Engine.StaticMeshActor Name:StaticMeshActor_UAID_00155D38A43DF4CF01_1166249699 Label:SM_Rock_02 SpatiallyLoaded:1 Bounds:IsValid=true, Min=(X=2805.460 Y=-875.893 Z=650.263), Max=(X=4211.103 Y=898.367 Z=2316.176) RuntimeGrid:None EditorOnly:0 RuntimeOnly:0 HLODRelevant:1 ListedInSceneOutliner:1 IsMainWorldOnly:0
 |   |   |- Guid:BE1BA6DE43945AD3E48697997A354139 BaseClass: NativeClass:/Script/Engine.StaticMeshActor Name:StaticMeshActor_UAID_00155D38A43DF3CF01_1544265519 Label:Shape_Pipe_90 SpatiallyLoaded:1 Bounds:IsValid=true, Min=(X=2991.741 Y=421.641 Z=1006.618), Max=(X=3318.925 Y=771.551 Z=1096.618) RuntimeGrid:None EditorOnly:0 RuntimeOnly:0 HLODRelevant:1 ListedInSceneOutliner:1 IsMainWorldOnly:0
 |   |   |- Guid:C6CD224D4B87775BD3B0C293B0DFA4A8 BaseClass: NativeClass:/Script/Landscape.LandscapeStreamingProxy Name:LandscapeStreamingProxy_1TM89ZHLX9JV6T9RQ5IWQTMCH_1020_2_0_0 Label:LandscapeStreamingProxy_2_0_0 SpatiallyLoaded:1 Bounds:IsValid=true, Min=(X=2074.627 Y=-1679.074 Z=647.358), Max=(X=4114.627 Y=360.926 Z=1159.342) RuntimeGrid:None EditorOnly:0 RuntimeOnly:0 HLODRelevant:1 ListedInSceneOutliner:1 IsMainWorldOnly:0
 |   |   |- Guid:C736999540E17D5E2FFB1D95F91239C1 BaseClass: NativeClass:/Script/Engine.StaticMeshActor Name:StaticMeshActor_UAID_00155D38A43DF4CF01_1361711701 Label:SM_Rock_4 SpatiallyLoaded:1 Bounds:IsValid=true, Min=(X=2496.997 Y=-1049.771 Z=303.139), Max=(X=4736.373 Y=1054.681 Z=1969.052) RuntimeGrid:None EditorOnly:0 RuntimeOnly:0 HLODRelevant:1 ListedInSceneOutliner:1 IsMainWorldOnly:0
 |   |   |- Guid:CCFF262C46EEFFDF319E7F9539CE697E BaseClass: NativeClass:/Script/Engine.SkyAtmosphere Name:SkyAtmosphere_0 Label:SkyAtmosphere SpatiallyLoaded:0 Bounds:IsValid=true, Min=(X=0.000 Y=0.000 Z=1020.000), Max=(X=0.000 Y=0.000 Z=1020.000) RuntimeGrid:None EditorOnly:0 RuntimeOnly:0 HLODRelevant:0 ListedInSceneOutliner:1 IsMainWorldOnly:0 FolderPath:Lighting FolderGuid:963EC3EB4002CCE9759E2EBA541A873A
 |   |   |- Guid:D744FB0A4FECAB3FC654BE92C2A0FF7A BaseClass: NativeClass:/Script/Engine.StaticMeshActor Name:StaticMeshActor_UAID_00155D38A43DF4CF01_1423136703 Label:SM_Rock_6 SpatiallyLoaded:1 Bounds:IsValid=true, Min=(X=2425.984 Y=-329.960 Z=924.655), Max=(X=3348.617 Y=514.902 Z=1734.453) RuntimeGrid:None EditorOnly:0 RuntimeOnly:0 HLODRelevant:1 ListedInSceneOutliner:1 IsMainWorldOnly:0
 |   |   |- Guid:DB2B0EFC45CD671B35A2C7A379F077A3 BaseClass: NativeClass:/Script/Engine.StaticMeshActor Name:StaticMeshActor_UAID_00155D38A43DE0CF01_1827298178 Label:SM_Cube7 SpatiallyLoaded:1 Bounds:IsValid=true, Min=(X=484.430 Y=1777.634 Z=641.168), Max=(X=1884.430 Y=3102.634 Z=691.168) RuntimeGrid:None EditorOnly:0 RuntimeOnly:0 HLODRelevant:1 ListedInSceneOutliner:1 IsMainWorldOnly:0
 |   |   |- Guid:DB3123EE4E262905BCD911A4A5A6E105 BaseClass:/Game/Assets/Rock.Rock_C NativeClass:/Script/Engine.Actor Name:Rock_C_UAID_00155D38A43D2ECF01_1324141848 Label:Rock SpatiallyLoaded:1 Bounds:IsValid=true, Min=(X=1190.905 Y=1061.363 Z=1092.595), Max=(X=1272.666 Y=1136.069 Z=1154.824) RuntimeGrid:None EditorOnly:0 RuntimeOnly:0 HLODRelevant:0 ListedInSceneOutliner:1 IsMainWorldOnly:0
 |   |   |- Guid:E25F637F498DFA4ABB9572A938E4FD3D BaseClass: NativeClass:/Script/Landscape.LandscapeStreamingProxy Name:LandscapeStreamingProxy_1TM89ZHLX9JV6T9RQ5IWQTMCH_1020_0_1_0 Label:LandscapeStreamingProxy_0_1_0 SpatiallyLoaded:1 Bounds:IsValid=true, Min=(X=-2005.373 Y=360.926 Z=647.358), Max=(X=34.627 Y=2400.926 Z=1128.592) RuntimeGrid:None EditorOnly:0 RuntimeOnly:0 HLODRelevant:1 ListedInSceneOutliner:1 IsMainWorldOnly:0
 |   |   |- Guid:E59130DD49555AF9DAB00FB0CBE7D05B BaseClass: NativeClass:/Script/Landscape.LandscapeStreamingProxy Name:LandscapeStreamingProxy_1TM89ZHLX9JV6T9RQ5IWQTMCH_1020_3_2_0 Label:LandscapeStreamingProxy_3_2_0 SpatiallyLoaded:1 Bounds:IsValid=true, Min=(X=4114.627 Y=2400.926 Z=647.358), Max=(X=6154.627 Y=4440.926 Z=668.561) RuntimeGrid:None EditorOnly:0 RuntimeOnly:0 HLODRelevant:1 ListedInSceneOutliner:1 IsMainWorldOnly:0
 |   |   |- Guid:E7059665467991E8FA744FB95AEFD99B BaseClass: NativeClass:/Script/Landscape.LandscapeStreamingProxy Name:LandscapeStreamingProxy_1TM89ZHLX9JV6T9RQ5IWQTMCH_1020_2_1_0 Label:LandscapeStreamingProxy_2_1_0 SpatiallyLoaded:1 Bounds:IsValid=true, Min=(X=2074.627 Y=360.926 Z=570.701), Max=(X=4114.627 Y=2400.926 Z=1154.686) RuntimeGrid:None EditorOnly:0 RuntimeOnly:0 HLODRelevant:1 ListedInSceneOutliner:1 IsMainWorldOnly:0
 |   |   |- Guid:E8461FFB410B95406E339DAF31E7ABAD BaseClass: NativeClass:/Script/Engine.StaticMeshActor Name:StaticMeshActor_UAID_00155D38A43DE0CF01_1840907180 Label:SM_Cube9 SpatiallyLoaded:1 Bounds:IsValid=true, Min=(X=484.430 Y=3096.415 Z=623.188), Max=(X=1884.430 Y=4421.415 Z=673.188) RuntimeGrid:None EditorOnly:0 RuntimeOnly:0 HLODRelevant:1 ListedInSceneOutliner:1 IsMainWorldOnly:0
 |   |   |- Guid:EA43F4BC4D4D8FE563B1C7853BDED2F0 BaseClass: NativeClass:/Script/Engine.StaticMeshActor Name:StaticMeshActor_UAID_00155D38A43DE2CF01_1974081533 Label:Shape_Cube9 SpatiallyLoaded:1 Bounds:IsValid=true, Min=(X=3290.213 Y=374.028 Z=1036.811), Max=(X=3679.046 Y=882.395 Z=1086.811) RuntimeGrid:None EditorOnly:0 RuntimeOnly:0 HLODRelevant:1 ListedInSceneOutliner:1 IsMainWorldOnly:0
 |   |   |- Guid:EC4E0C944CE6AC6E784BC6BB2916EA13 BaseClass: NativeClass:/Script/Engine.StaticMeshActor Name:StaticMeshActor_UAID_A4AE111137DC5EFB00_1110535423 Label:SM_SkySphere SpatiallyLoaded:0 Bounds:IsValid=true, Min=(X=-1638711.751 Y=-1633280.000 Z=-1637386.224), Max=(X=1638088.249 Y=1633280.000 Z=1639413.776) RuntimeGrid:None EditorOnly:0 RuntimeOnly:0 HLODRelevant:1 ListedInSceneOutliner:1 IsMainWorldOnly:0 FolderPath:Lighting FolderGuid:963EC3EB4002CCE9759E2EBA541A873A
 |   |   |- Guid:F5E3FEB3450C49844FD93DA8E083C8AD BaseClass: NativeClass:/Script/Engine.PostProcessVolume Name:PostProcessVolume_0 Label:PostProcessVolume SpatiallyLoaded:0 Bounds:IsValid=true, Min=(X=0.000 Y=0.000 Z=400.000), Max=(X=200.000 Y=200.000 Z=600.000) RuntimeGrid:None EditorOnly:0 RuntimeOnly:0 HLODRelevant:0 ListedInSceneOutliner:1 IsMainWorldOnly:0 FolderPath:Lighting FolderGuid:963EC3EB4002CCE9759E2EBA541A873A
 |   |   |- Guid:F6E1D49A41AD9B9FBC2AEF8CE1AC678F BaseClass: NativeClass:/Script/Landscape.Landscape Name:Landscape_UAID_00155D38A43DE4CF01_1763910879 Label:Landscape SpatiallyLoaded:0 Bounds:IsValid=true, Min=(X=-2005.373 Y=-1679.074 Z=647.358), Max=(X=-2005.373 Y=-1679.074 Z=647.358) RuntimeGrid:None EditorOnly:0 RuntimeOnly:0 HLODRelevant:0 ListedInSceneOutliner:1 IsMainWorldOnly:0
 |   |   |- Guid:FD76BDDA4773D9AFB227BBA6E75D180E BaseClass: NativeClass:/Script/Engine.StaticMeshActor Name:StaticMeshActor_UAID_00155D38A43DF4CF01_1378449702 Label:SM_Rock_5 SpatiallyLoaded:1 Bounds:IsValid=true, Min=(X=2618.773 Y=199.445 Z=650.263), Max=(X=4820.849 Y=2223.225 Z=2316.176) RuntimeGrid:None EditorOnly:0 RuntimeOnly:0 HLODRelevant:1 ListedInSceneOutliner:1 IsMainWorldOnly:0
 |   |   |- Guid:FDDD9A6C49AFA649074F9CA4DCB98891 BaseClass: NativeClass:/Script/Landscape.LandscapeStreamingProxy Name:LandscapeStreamingProxy_1TM89ZHLX9JV6T9RQ5IWQTMCH_1020_0_3_0 Label:LandscapeStreamingProxy_0_3_0 SpatiallyLoaded:1 Bounds:IsValid=true, Min=(X=-2005.373 Y=4440.926 Z=645.358), Max=(X=34.627 Y=6480.926 Z=679.404) RuntimeGrid:None EditorOnly:0 RuntimeOnly:0 HLODRelevant:1 ListedInSceneOutliner:1 IsMainWorldOnly:0
 |   |- [+] Clusters:
 |   |   |- [+] [  0]
 |   |   |   |- Guid:02C30883478B90A28B3D88B6EF8ECB17 BaseClass: NativeClass:/Script/Engine.StaticMeshActor Name:StaticMeshActor_UAID_00155D38A43DE2CF01_1280648527 Label:Shape_Cube SpatiallyLoaded:1 Bounds:IsValid=true, Min=(X=3039.086 Y=278.282 Z=959.609), Max=(X=3427.919 Y=786.650 Z=2249.609) RuntimeGrid:None EditorOnly:0 RuntimeOnly:0 HLODRelevant:1 ListedInSceneOutliner:1 IsMainWorldOnly:0
 |   |   |- [+] [  1]
 |   |   |   |- Guid:04186F3B420A0270B7E1B6A1CA99F0FC BaseClass: NativeClass:/Script/Landscape.LandscapeStreamingProxy Name:LandscapeStreamingProxy_1TM89ZHLX9JV6T9RQ5IWQTMCH_1020_3_3_0 Label:LandscapeStreamingProxy_3_3_0 SpatiallyLoaded:1 Bounds:IsValid=true, Min=(X=4114.627 Y=4440.926 Z=645.358), Max=(X=6154.627 Y=6480.926 Z=654.701) RuntimeGrid:None EditorOnly:0 RuntimeOnly:0 HLODRelevant:1 ListedInSceneOutliner:1 IsMainWorldOnly:0
 |   |   |- [+] [  2]
 |   |   |   |- Guid:15F5690D411463815749C981913CE5A2 BaseClass: NativeClass:/Script/Landscape.LandscapeStreamingProxy Name:LandscapeStreamingProxy_1TM89ZHLX9JV6T9RQ5IWQTMCH_1020_2_3_0 Label:LandscapeStreamingProxy_2_3_0 SpatiallyLoaded:1 Bounds:IsValid=true, Min=(X=2074.627 Y=4440.926 Z=645.358), Max=(X=4114.627 Y=6480.926 Z=704.467) RuntimeGrid:None EditorOnly:0 RuntimeOnly:0 HLODRelevant:1 ListedInSceneOutliner:1 IsMainWorldOnly:0
 |   |   |- [+] [  3]
 |   |   |   |- Guid:1AAE93B44BE38F6922A16C94B9ED9D57 BaseClass: NativeClass:/Script/Engine.StaticMeshActor Name:StaticMeshActor_UAID_00155D38A43DFBCE01_1387880872 Label:Shape_Cylinder SpatiallyLoaded:1 Bounds:IsValid=true, Min=(X=1155.000 Y=1025.000 Z=1053.511), Max=(X=1305.000 Y=1175.000 Z=1103.511) RuntimeGrid:None EditorOnly:0 RuntimeOnly:0 HLODRelevant:1 ListedInSceneOutliner:1 IsMainWorldOnly:0
 |   |   |- [+] [  4]
 |   |   |   |- Guid:2481734342BCBEAE162BFDA910A8F32E BaseClass: NativeClass:/Script/Landscape.LandscapeStreamingProxy Name:LandscapeStreamingProxy_1TM89ZHLX9JV6T9RQ5IWQTMCH_1020_2_2_0 Label:LandscapeStreamingProxy_2_2_0 SpatiallyLoaded:1 Bounds:IsValid=true, Min=(X=2074.627 Y=2400.926 Z=648.998), Max=(X=4114.627 Y=4440.926 Z=730.701) RuntimeGrid:None EditorOnly:0 RuntimeOnly:0 HLODRelevant:1 ListedInSceneOutliner:1 IsMainWorldOnly:0
 |   |   |- [+] [  5]
 |   |   |   |- Guid:2BF1D5994ADF1FD34A9447A2B0F505AD BaseClass: NativeClass:/Script/Landscape.LandscapeStreamingProxy Name:LandscapeStreamingProxy_1TM89ZHLX9JV6T9RQ5IWQTMCH_1020_0_0_0 Label:LandscapeStreamingProxy_0_0_0 SpatiallyLoaded:1 Bounds:IsValid=true, Min=(X=-2005.373 Y=-1679.074 Z=647.358), Max=(X=34.627 Y=360.926 Z=1130.295) RuntimeGrid:None EditorOnly:0 RuntimeOnly:0 HLODRelevant:1 ListedInSceneOutliner:1 IsMainWorldOnly:0
 |   |   |- [+] [  6]
 |   |   |   |- Guid:2FB58999456391D349DC0F86DAC136ED BaseClass: NativeClass:/Script/Engine.SkyLight Name:SkyLight_1 Label:SkyLight SpatiallyLoaded:0 Bounds:IsValid=true, Min=(X=0.000 Y=0.000 Z=690.000), Max=(X=0.000 Y=0.000 Z=690.000) RuntimeGrid:None EditorOnly:0 RuntimeOnly:0 HLODRelevant:0 ListedInSceneOutliner:1 IsMainWorldOnly:0 FolderPath:Lighting FolderGuid:963EC3EB4002CCE9759E2EBA541A873A
 |   |   |- [+] [  7]
 |   |   |   |- Guid:316CF2A6494ACA4C0E4180A87D36AB8F BaseClass: NativeClass:/Script/Engine.ExponentialHeightFog Name:ExponentialHeightFog_0 Label:ExponentialHeightFog SpatiallyLoaded:0 Bounds:IsValid=true, Min=(X=-5600.000 Y=-50.000 Z=-6850.000), Max=(X=-5600.000 Y=-50.000 Z=-6850.000) RuntimeGrid:None EditorOnly:0 RuntimeOnly:0 HLODRelevant:0 ListedInSceneOutliner:1 IsMainWorldOnly:0 FolderPath:Lighting FolderGuid:963EC3EB4002CCE9759E2EBA541A873A
 |   |   |- [+] [  8]
 |   |   |   |- Guid:360F884C4D0486624CA37B9E850E2E8E BaseClass: NativeClass:/Script/Engine.StaticMeshActor Name:StaticMeshActor_UAID_00155D38A43DE0CF01_2112666182 Label:Shape_Cube2 SpatiallyLoaded:1 Bounds:IsValid=true, Min=(X=147.047 Y=217.337 Z=549.123), Max=(X=497.047 Y=4567.337 Z=2224.123) RuntimeGrid:None EditorOnly:0 RuntimeOnly:0 HLODRelevant:1 ListedInSceneOutliner:1 IsMainWorldOnly:0
 |   |   |- [+] [  9]
 |   |   |   |- Guid:3A00AA1C422CE54C0BDB60BAF471BFBB BaseClass: NativeClass:/Script/Engine.PlayerStart Name:PlayerStart_0 Label:PlayerStart SpatiallyLoaded:0 Bounds:IsValid=true, Min=(X=808.150 Y=1070.000 Z=1071.423), Max=(X=888.150 Y=1150.000 Z=1255.423) RuntimeGrid:None EditorOnly:0 RuntimeOnly:0 HLODRelevant:0 ListedInSceneOutliner:1 IsMainWorldOnly:0
 |   |   |- [+] [ 10]
 |   |   |   |- Guid:3C0010D1422BA9225D50248FA1EBB305 BaseClass: NativeClass:/Script/Landscape.LandscapeStreamingProxy Name:LandscapeStreamingProxy_1TM89ZHLX9JV6T9RQ5IWQTMCH_1020_1_1_0 Label:LandscapeStreamingProxy_1_1_0 SpatiallyLoaded:1 Bounds:IsValid=true, Min=(X=34.627 Y=360.926 Z=661.983), Max=(X=2074.627 Y=2400.926 Z=1144.373) RuntimeGrid:None EditorOnly:0 RuntimeOnly:0 HLODRelevant:1 ListedInSceneOutliner:1 IsMainWorldOnly:0
 |   |   |- [+] [ 11]
 |   |   |   |- Guid:4D3BE93F4146AAAC8BBE79999D96D57F BaseClass: NativeClass:/Script/Engine.VolumetricCloud Name:VolumetricCloud_0 Label:VolumetricCloud SpatiallyLoaded:0 Bounds:IsValid=true, Min=(X=0.000 Y=0.000 Z=820.000), Max=(X=0.000 Y=0.000 Z=820.000) RuntimeGrid:None EditorOnly:0 RuntimeOnly:0 HLODRelevant:0 ListedInSceneOutliner:1 IsMainWorldOnly:0 FolderPath:Lighting FolderGuid:963EC3EB4002CCE9759E2EBA541A873A
 |   |   |- [+] [ 12]
 |   |   |   |- Guid:56BEC0254598FECCB93D85A2B68824C4 BaseClass:/Game/IntroCam.IntroCam_C NativeClass:/Script/Engine.CameraActor Name:IntroCam_C_UAID_00155D38A43DFECE01_1834570400 Label:IntroCam SpatiallyLoaded:1 Bounds:IsValid=true, Min=(X=1110.000 Y=980.000 Z=1191.039), Max=(X=1110.000 Y=980.000 Z=1191.039) RuntimeGrid:None EditorOnly:0 RuntimeOnly:0 HLODRelevant:0 ListedInSceneOutliner:1 IsMainWorldOnly:0
 |   |   |- [+] [ 13]
 |   |   |   |- Guid:62201081452EDAC7174E6EB8858642FA BaseClass:/Game/Assets/Narrator.Narrator_C NativeClass:/Script/Engine.Actor Name:AudioManager_C_UAID_00155D38A43D4ECF01_1552805479 Label:AudioManager SpatiallyLoaded:1 Bounds:IsValid=true, Min=(X=1384.573 Y=730.885 Z=1447.190), Max=(X=1384.573 Y=730.885 Z=1447.190) RuntimeGrid:None EditorOnly:0 RuntimeOnly:0 HLODRelevant:0 ListedInSceneOutliner:1 IsMainWorldOnly:0
 |   |   |- [+] [ 14]
 |   |   |   |- Guid:6543EDDF4E16337DCF0068AC9373662C BaseClass: NativeClass:/Script/Engine.StaticMeshActor Name:StaticMeshActor_UAID_00155D38A43DDECF01_1144325823 Label:Shape_Cylinder2 SpatiallyLoaded:1 Bounds:IsValid=true, Min=(X=1130.000 Y=1000.000 Z=982.644), Max=(X=1330.000 Y=1200.000 Z=1082.644) RuntimeGrid:None EditorOnly:0 RuntimeOnly:0 HLODRelevant:1 ListedInSceneOutliner:1 IsMainWorldOnly:0
 |   |   |- [+] [ 15]
 |   |   |   |- Guid:656F0C9B487FAC45864A86B9D3EC454E BaseClass: NativeClass:/Script/Engine.StaticMeshActor Name:StaticMeshActor_UAID_00155D38A43DE2CF01_1626384531 Label:Shape_Cube8 SpatiallyLoaded:1 Bounds:IsValid=true, Min=(X=2608.983 Y=276.509 Z=849.643), Max=(X=3408.983 Y=1076.509 Z=1049.643) RuntimeGrid:None EditorOnly:0 RuntimeOnly:0 HLODRelevant:1 ListedInSceneOutliner:1 IsMainWorldOnly:0
 |   |   |- [+] [ 16]
 |   |   |   |- Guid:6746F71D425012E3B1BEC6BA0DB6BD6E BaseClass: NativeClass:/Script/Landscape.LandscapeStreamingProxy Name:LandscapeStreamingProxy_1TM89ZHLX9JV6T9RQ5IWQTMCH_1020_3_1_0 Label:LandscapeStreamingProxy_3_1_0 SpatiallyLoaded:1 Bounds:IsValid=true, Min=(X=4114.627 Y=360.926 Z=645.358), Max=(X=6154.627 Y=2400.926 Z=691.373) RuntimeGrid:None EditorOnly:0 RuntimeOnly:0 HLODRelevant:1 ListedInSceneOutliner:1 IsMainWorldOnly:0
 |   |   |- [+] [ 17]
 |   |   |   |- Guid:6BAF4DDD444C60371492D3919DB42C97 BaseClass: NativeClass:/Script/Engine.WorldDataLayers Name:WorldDataLayers Label:WorldDataLayers SpatiallyLoaded:0 Bounds:IsValid=true, Min=(X=0.000 Y=0.000 Z=0.000), Max=(X=0.000 Y=0.000 Z=0.000) RuntimeGrid:None EditorOnly:0 RuntimeOnly:0 HLODRelevant:0 ListedInSceneOutliner:1 IsMainWorldOnly:1
 |   |   |- [+] [ 18]
 |   |   |   |- Guid:6F8207F4439C816507E7C7BDD67499E1 BaseClass: NativeClass:/Script/Landscape.LandscapeStreamingProxy Name:LandscapeStreamingProxy_1TM89ZHLX9JV6T9RQ5IWQTMCH_1020_3_0_0 Label:LandscapeStreamingProxy_3_0_0 SpatiallyLoaded:1 Bounds:IsValid=true, Min=(X=4114.627 Y=-1679.074 Z=645.358), Max=(X=6154.627 Y=360.926 Z=754.592) RuntimeGrid:None EditorOnly:0 RuntimeOnly:0 HLODRelevant:1 ListedInSceneOutliner:1 IsMainWorldOnly:0
 |   |   |- [+] [ 19]
 |   |   |   |- Guid:73B5F0894A58631D1D22738425ADF73A BaseClass: NativeClass:/Script/Engine.StaticMeshActor Name:StaticMeshActor_UAID_00155D38A43DE1CF01_1761209366 Label:Shape_Cube7 SpatiallyLoaded:1 Bounds:IsValid=true, Min=(X=3002.086 Y=1753.801 Z=-629.265), Max=(X=3452.086 Y=2103.801 Z=1045.735) RuntimeGrid:None EditorOnly:0 RuntimeOnly:0 HLODRelevant:1 ListedInSceneOutliner:1 IsMainWorldOnly:0
 |   |   |- [+] [ 20]
 |   |   |   |- Guid:7440A37E4D55A173388029A52F105685 BaseClass: NativeClass:/Script/Engine.StaticMeshActor Name:StaticMeshActor_UAID_00155D38A43DE0CF01_1564639177 Label:SM_Cube6 SpatiallyLoaded:1 Bounds:IsValid=true, Min=(X=1878.702 Y=1777.633 Z=593.945), Max=(X=3278.702 Y=3102.633 Z=643.945) RuntimeGrid:None EditorOnly:0 RuntimeOnly:0 HLODRelevant:1 ListedInSceneOutliner:1 IsMainWorldOnly:0
 |   |   |- [+] [ 21]
 |   |   |   |- Guid:7680364742AF867AEB3F44A24D7F4FD0 BaseClass: NativeClass:/Script/Landscape.LandscapeStreamingProxy Name:LandscapeStreamingProxy_1TM89ZHLX9JV6T9RQ5IWQTMCH_1020_0_2_0 Label:LandscapeStreamingProxy_0_2_0 SpatiallyLoaded:1 Bounds:IsValid=true, Min=(X=-2005.373 Y=2400.926 Z=647.358), Max=(X=34.627 Y=4440.926 Z=703.404) RuntimeGrid:None EditorOnly:0 RuntimeOnly:0 HLODRelevant:1 ListedInSceneOutliner:1 IsMainWorldOnly:0
 |   |   |- [+] [ 22]
 |   |   |   |- Guid:7768DAB543CC66A9136022BD924D34B0 BaseClass:/Game/Assets/TestPrompt.TestPrompt_C NativeClass:/Script/Engine.Actor Name:TestPrompt_C_UAID_00155D38A43D41CF01_1255438193 Label:TestPrompt SpatiallyLoaded:1 Bounds:IsValid=true, Min=(X=1656.704 Y=1013.465 Z=1060.930), Max=(X=1720.704 Y=1077.465 Z=1124.930) RuntimeGrid:None EditorOnly:0 RuntimeOnly:0 HLODRelevant:0 ListedInSceneOutliner:1 IsMainWorldOnly:0
 |   |   |- [+] [ 23]
 |   |   |   |- Guid:87E9AE48472AE09AEF4FFC827A176F3F BaseClass: NativeClass:/Script/Engine.StaticMeshActor Name:StaticMeshActor_UAID_00155D38A43DE2CF01_1698353532 Label:SM_Cube11 SpatiallyLoaded:1 Bounds:IsValid=true, Min=(X=2662.722 Y=1073.820 Z=1003.776), Max=(X=3312.722 Y=1773.820 Z=1053.776) RuntimeGrid:None EditorOnly:0 RuntimeOnly:0 HLODRelevant:1 ListedInSceneOutliner:1 IsMainWorldOnly:0
 |   |   |- [+] [ 24]
 |   |   |   |- Guid:87F8E1E24066B70F216DC9AFE54F09FF BaseClass: NativeClass:/Script/Landscape.LandscapeStreamingProxy Name:LandscapeStreamingProxy_1TM89ZHLX9JV6T9RQ5IWQTMCH_1020_1_2_0 Label:LandscapeStreamingProxy_1_2_0 SpatiallyLoaded:1 Bounds:IsValid=true, Min=(X=34.627 Y=2400.926 Z=655.092), Max=(X=2074.627 Y=4440.926 Z=772.811) RuntimeGrid:None EditorOnly:0 RuntimeOnly:0 HLODRelevant:1 ListedInSceneOutliner:1 IsMainWorldOnly:0
 |   |   |- [+] [ 25]
 |   |   |   |- Guid:880DC904406B5374F94AB3A242F6E403 BaseClass: NativeClass:/Script/Engine.StaticMeshActor Name:StaticMeshActor_UAID_00155D38A43DF4CF01_1346605700 Label:SM_Rock_3 SpatiallyLoaded:1 Bounds:IsValid=true, Min=(X=1502.471 Y=-1278.344 Z=303.139), Max=(X=3741.847 Y=826.109 Z=1969.052) RuntimeGrid:None EditorOnly:0 RuntimeOnly:0 HLODRelevant:1 ListedInSceneOutliner:1 IsMainWorldOnly:0
 |   |   |- [+] [ 26]
 |   |   |   |- Guid:8C6403A44C1C6A31ACE1398CE5AFD517 BaseClass: NativeClass:/Script/Landscape.LandscapeStreamingProxy Name:LandscapeStreamingProxy_1TM89ZHLX9JV6T9RQ5IWQTMCH_1020_1_0_0 Label:LandscapeStreamingProxy_1_0_0 SpatiallyLoaded:1 Bounds:IsValid=true, Min=(X=34.627 Y=-1679.074 Z=647.358), Max=(X=2074.627 Y=360.926 Z=1159.342) RuntimeGrid:None EditorOnly:0 RuntimeOnly:0 HLODRelevant:1 ListedInSceneOutliner:1 IsMainWorldOnly:0
 |   |   |- [+] [ 27]
 |   |   |   |- Guid:8D3035C64DDF5B48DF6CC5AA5AB12CD5 BaseClass: NativeClass:/Script/Landscape.LandscapeStreamingProxy Name:LandscapeStreamingProxy_1TM89ZHLX9JV6T9RQ5IWQTMCH_1020_1_3_0 Label:LandscapeStreamingProxy_1_3_0 SpatiallyLoaded:1 Bounds:IsValid=true, Min=(X=34.627 Y=4440.926 Z=645.358), Max=(X=2074.627 Y=6480.926 Z=717.951) RuntimeGrid:None EditorOnly:0 RuntimeOnly:0 HLODRelevant:1 ListedInSceneOutliner:1 IsMainWorldOnly:0
 |   |   |- [+] [ 28]
 |   |   |   |- Guid:941C423142E23454DBD7D39E2970FB9D BaseClass: NativeClass:/Script/Engine.StaticMeshActor Name:StaticMeshActor_UAID_00155D38A43DE1CF01_1303519363 Label:SM_Cube10 SpatiallyLoaded:1 Bounds:IsValid=true, Min=(X=1628.706 Y=1777.634 Z=641.168), Max=(X=2993.943 Y=2102.634 Z=1051.811) RuntimeGrid:None EditorOnly:0 RuntimeOnly:0 HLODRelevant:1 ListedInSceneOutliner:1 IsMainWorldOnly:0
 |   |   |- [+] [ 29]
 |   |   |   |- Guid:9468A354440A9C139C105AA3B026D134 BaseClass: NativeClass:/Script/Engine.StaticMeshActor Name:StaticMeshActor_UAID_00155D38A43DE1CF01_1151216359 Label:Shape_Cube3 SpatiallyLoaded:1 Bounds:IsValid=true, Min=(X=3278.387 Y=217.337 Z=549.123), Max=(X=3628.387 Y=4567.337 Z=2224.123) RuntimeGrid:None EditorOnly:0 RuntimeOnly:0 HLODRelevant:0 ListedInSceneOutliner:1 IsMainWorldOnly:0
 |   |   |- [+] [ 30]
 |   |   |   |- Guid:A1C114464A26423410B800896FACB14F BaseClass: NativeClass:/Script/Engine.StaticMeshActor Name:StaticMeshActor_UAID_00155D38A43DE1CF01_1207887360 Label:Shape_Cube4 SpatiallyLoaded:1 Bounds:IsValid=true, Min=(X=-253.805 Y=4418.067 Z=549.123), Max=(X=4096.195 Y=4768.067 Z=2224.123) RuntimeGrid:None EditorOnly:0 RuntimeOnly:0 HLODRelevant:1 ListedInSceneOutliner:1 IsMainWorldOnly:0
 |   |   |- [+] [ 31]
 |   |   |   |- Guid:A313F94C4E3F936C0FD567ACD542B209 BaseClass: NativeClass:/Script/Engine.StaticMeshActor Name:StaticMeshActor_UAID_00155D38A43DE1CF01_1632921365 Label:Shape_Wedge_B SpatiallyLoaded:1 Bounds:IsValid=true, Min=(X=1532.512 Y=1752.583 Z=643.945), Max=(X=3007.512 Y=2102.583 Z=1043.945) RuntimeGrid:None EditorOnly:0 RuntimeOnly:0 HLODRelevant:1 ListedInSceneOutliner:1 IsMainWorldOnly:0
 |   |   |- [+] [ 32]
 |   |   |   |- Guid:A50BBE2A44895C651C87D697691BE474 BaseClass: NativeClass:/Script/Engine.StaticMeshActor Name:StaticMeshActor_UAID_00155D38A43DE1CF01_1238879361 Label:Shape_Cube5 SpatiallyLoaded:1 Bounds:IsValid=true, Min=(X=-253.805 Y=108.545 Z=549.123), Max=(X=4096.195 Y=458.545 Z=2224.123) RuntimeGrid:None EditorOnly:0 RuntimeOnly:0 HLODRelevant:0 ListedInSceneOutliner:1 IsMainWorldOnly:0
 |   |   |- [+] [ 33]
 |   |   |   |- Guid:A6D890A34A13878B191314B95C726840 BaseClass: NativeClass:/Script/Engine.StaticMeshActor Name:StaticMeshActor_UAID_00155D38A43DE0CF01_1840906179 Label:SM_Cube8 SpatiallyLoaded:1 Bounds:IsValid=true, Min=(X=1878.702 Y=3096.415 Z=611.248), Max=(X=3278.702 Y=4421.415 Z=661.248) RuntimeGrid:None EditorOnly:0 RuntimeOnly:0 HLODRelevant:1 ListedInSceneOutliner:1 IsMainWorldOnly:0
 |   |   |- [+] [ 34]
 |   |   |   |- Guid:B785ED2844B84CFB91E7F39FE661CD99 BaseClass: NativeClass:/Script/Engine.DirectionalLight Name:DirectionalLight_0 Label:DirectionalLight SpatiallyLoaded:0 Bounds:IsValid=true, Min=(X=-1048576.000 Y=-1048576.000 Z=-1048576.000), Max=(X=1048576.000 Y=1048576.000 Z=1048576.000) RuntimeGrid:None EditorOnly:0 RuntimeOnly:0 HLODRelevant:0 ListedInSceneOutliner:1 IsMainWorldOnly:0 FolderPath:Lighting FolderGuid:963EC3EB4002CCE9759E2EBA541A873A
 |   |   |- [+] [ 35]
 |   |   |   |- Guid:B967C08F40ACF9F1A65B3E803B7537C7 BaseClass: NativeClass:/Script/Engine.StaticMeshActor Name:StaticMeshActor_UAID_00155D38A43DF4CF01_1166249699 Label:SM_Rock_02 SpatiallyLoaded:1 Bounds:IsValid=true, Min=(X=2805.460 Y=-875.893 Z=650.263), Max=(X=4211.103 Y=898.367 Z=2316.176) RuntimeGrid:None EditorOnly:0 RuntimeOnly:0 HLODRelevant:1 ListedInSceneOutliner:1 IsMainWorldOnly:0
 |   |   |- [+] [ 36]
 |   |   |   |- Guid:BE1BA6DE43945AD3E48697997A354139 BaseClass: NativeClass:/Script/Engine.StaticMeshActor Name:StaticMeshActor_UAID_00155D38A43DF3CF01_1544265519 Label:Shape_Pipe_90 SpatiallyLoaded:1 Bounds:IsValid=true, Min=(X=2991.741 Y=421.641 Z=1006.618), Max=(X=3318.925 Y=771.551 Z=1096.618) RuntimeGrid:None EditorOnly:0 RuntimeOnly:0 HLODRelevant:1 ListedInSceneOutliner:1 IsMainWorldOnly:0
 |   |   |- [+] [ 37]
 |   |   |   |- Guid:C6CD224D4B87775BD3B0C293B0DFA4A8 BaseClass: NativeClass:/Script/Landscape.LandscapeStreamingProxy Name:LandscapeStreamingProxy_1TM89ZHLX9JV6T9RQ5IWQTMCH_1020_2_0_0 Label:LandscapeStreamingProxy_2_0_0 SpatiallyLoaded:1 Bounds:IsValid=true, Min=(X=2074.627 Y=-1679.074 Z=647.358), Max=(X=4114.627 Y=360.926 Z=1159.342) RuntimeGrid:None EditorOnly:0 RuntimeOnly:0 HLODRelevant:1 ListedInSceneOutliner:1 IsMainWorldOnly:0
 |   |   |- [+] [ 38]
 |   |   |   |- Guid:C736999540E17D5E2FFB1D95F91239C1 BaseClass: NativeClass:/Script/Engine.StaticMeshActor Name:StaticMeshActor_UAID_00155D38A43DF4CF01_1361711701 Label:SM_Rock_4 SpatiallyLoaded:1 Bounds:IsValid=true, Min=(X=2496.997 Y=-1049.771 Z=303.139), Max=(X=4736.373 Y=1054.681 Z=1969.052) RuntimeGrid:None EditorOnly:0 RuntimeOnly:0 HLODRelevant:1 ListedInSceneOutliner:1 IsMainWorldOnly:0
 |   |   |- [+] [ 39]
 |   |   |   |- Guid:CCFF262C46EEFFDF319E7F9539CE697E BaseClass: NativeClass:/Script/Engine.SkyAtmosphere Name:SkyAtmosphere_0 Label:SkyAtmosphere SpatiallyLoaded:0 Bounds:IsValid=true, Min=(X=0.000 Y=0.000 Z=1020.000), Max=(X=0.000 Y=0.000 Z=1020.000) RuntimeGrid:None EditorOnly:0 RuntimeOnly:0 HLODRelevant:0 ListedInSceneOutliner:1 IsMainWorldOnly:0 FolderPath:Lighting FolderGuid:963EC3EB4002CCE9759E2EBA541A873A
 |   |   |- [+] [ 40]
 |   |   |   |- Guid:D744FB0A4FECAB3FC654BE92C2A0FF7A BaseClass: NativeClass:/Script/Engine.StaticMeshActor Name:StaticMeshActor_UAID_00155D38A43DF4CF01_1423136703 Label:SM_Rock_6 SpatiallyLoaded:1 Bounds:IsValid=true, Min=(X=2425.984 Y=-329.960 Z=924.655), Max=(X=3348.617 Y=514.902 Z=1734.453) RuntimeGrid:None EditorOnly:0 RuntimeOnly:0 HLODRelevant:1 ListedInSceneOutliner:1 IsMainWorldOnly:0
 |   |   |- [+] [ 41]
 |   |   |   |- Guid:DB2B0EFC45CD671B35A2C7A379F077A3 BaseClass: NativeClass:/Script/Engine.StaticMeshActor Name:StaticMeshActor_UAID_00155D38A43DE0CF01_1827298178 Label:SM_Cube7 SpatiallyLoaded:1 Bounds:IsValid=true, Min=(X=484.430 Y=1777.634 Z=641.168), Max=(X=1884.430 Y=3102.634 Z=691.168) RuntimeGrid:None EditorOnly:0 RuntimeOnly:0 HLODRelevant:1 ListedInSceneOutliner:1 IsMainWorldOnly:0
 |   |   |- [+] [ 42]
 |   |   |   |- Guid:DB3123EE4E262905BCD911A4A5A6E105 BaseClass:/Game/Assets/Rock.Rock_C NativeClass:/Script/Engine.Actor Name:Rock_C_UAID_00155D38A43D2ECF01_1324141848 Label:Rock SpatiallyLoaded:1 Bounds:IsValid=true, Min=(X=1190.905 Y=1061.363 Z=1092.595), Max=(X=1272.666 Y=1136.069 Z=1154.824) RuntimeGrid:None EditorOnly:0 RuntimeOnly:0 HLODRelevant:0 ListedInSceneOutliner:1 IsMainWorldOnly:0
 |   |   |- [+] [ 43]
 |   |   |   |- Guid:E25F637F498DFA4ABB9572A938E4FD3D BaseClass: NativeClass:/Script/Landscape.LandscapeStreamingProxy Name:LandscapeStreamingProxy_1TM89ZHLX9JV6T9RQ5IWQTMCH_1020_0_1_0 Label:LandscapeStreamingProxy_0_1_0 SpatiallyLoaded:1 Bounds:IsValid=true, Min=(X=-2005.373 Y=360.926 Z=647.358), Max=(X=34.627 Y=2400.926 Z=1128.592) RuntimeGrid:None EditorOnly:0 RuntimeOnly:0 HLODRelevant:1 ListedInSceneOutliner:1 IsMainWorldOnly:0
 |   |   |- [+] [ 44]
 |   |   |   |- Guid:E59130DD49555AF9DAB00FB0CBE7D05B BaseClass: NativeClass:/Script/Landscape.LandscapeStreamingProxy Name:LandscapeStreamingProxy_1TM89ZHLX9JV6T9RQ5IWQTMCH_1020_3_2_0 Label:LandscapeStreamingProxy_3_2_0 SpatiallyLoaded:1 Bounds:IsValid=true, Min=(X=4114.627 Y=2400.926 Z=647.358), Max=(X=6154.627 Y=4440.926 Z=668.561) RuntimeGrid:None EditorOnly:0 RuntimeOnly:0 HLODRelevant:1 ListedInSceneOutliner:1 IsMainWorldOnly:0
 |   |   |- [+] [ 45]
 |   |   |   |- Guid:E7059665467991E8FA744FB95AEFD99B BaseClass: NativeClass:/Script/Landscape.LandscapeStreamingProxy Name:LandscapeStreamingProxy_1TM89ZHLX9JV6T9RQ5IWQTMCH_1020_2_1_0 Label:LandscapeStreamingProxy_2_1_0 SpatiallyLoaded:1 Bounds:IsValid=true, Min=(X=2074.627 Y=360.926 Z=570.701), Max=(X=4114.627 Y=2400.926 Z=1154.686) RuntimeGrid:None EditorOnly:0 RuntimeOnly:0 HLODRelevant:1 ListedInSceneOutliner:1 IsMainWorldOnly:0
 |   |   |- [+] [ 46]
 |   |   |   |- Guid:E8461FFB410B95406E339DAF31E7ABAD BaseClass: NativeClass:/Script/Engine.StaticMeshActor Name:StaticMeshActor_UAID_00155D38A43DE0CF01_1840907180 Label:SM_Cube9 SpatiallyLoaded:1 Bounds:IsValid=true, Min=(X=484.430 Y=3096.415 Z=623.188), Max=(X=1884.430 Y=4421.415 Z=673.188) RuntimeGrid:None EditorOnly:0 RuntimeOnly:0 HLODRelevant:1 ListedInSceneOutliner:1 IsMainWorldOnly:0
 |   |   |- [+] [ 47]
 |   |   |   |- Guid:EA43F4BC4D4D8FE563B1C7853BDED2F0 BaseClass: NativeClass:/Script/Engine.StaticMeshActor Name:StaticMeshActor_UAID_00155D38A43DE2CF01_1974081533 Label:Shape_Cube9 SpatiallyLoaded:1 Bounds:IsValid=true, Min=(X=3290.213 Y=374.028 Z=1036.811), Max=(X=3679.046 Y=882.395 Z=1086.811) RuntimeGrid:None EditorOnly:0 RuntimeOnly:0 HLODRelevant:1 ListedInSceneOutliner:1 IsMainWorldOnly:0
 |   |   |- [+] [ 48]
 |   |   |   |- Guid:EC4E0C944CE6AC6E784BC6BB2916EA13 BaseClass: NativeClass:/Script/Engine.StaticMeshActor Name:StaticMeshActor_UAID_A4AE111137DC5EFB00_1110535423 Label:SM_SkySphere SpatiallyLoaded:0 Bounds:IsValid=true, Min=(X=-1638711.751 Y=-1633280.000 Z=-1637386.224), Max=(X=1638088.249 Y=1633280.000 Z=1639413.776) RuntimeGrid:None EditorOnly:0 RuntimeOnly:0 HLODRelevant:1 ListedInSceneOutliner:1 IsMainWorldOnly:0 FolderPath:Lighting FolderGuid:963EC3EB4002CCE9759E2EBA541A873A
 |   |   |- [+] [ 49]
 |   |   |   |- Guid:F5E3FEB3450C49844FD93DA8E083C8AD BaseClass: NativeClass:/Script/Engine.PostProcessVolume Name:PostProcessVolume_0 Label:PostProcessVolume SpatiallyLoaded:0 Bounds:IsValid=true, Min=(X=0.000 Y=0.000 Z=400.000), Max=(X=200.000 Y=200.000 Z=600.000) RuntimeGrid:None EditorOnly:0 RuntimeOnly:0 HLODRelevant:0 ListedInSceneOutliner:1 IsMainWorldOnly:0 FolderPath:Lighting FolderGuid:963EC3EB4002CCE9759E2EBA541A873A
 |   |   |- [+] [ 50]
 |   |   |   |- Guid:F6E1D49A41AD9B9FBC2AEF8CE1AC678F BaseClass: NativeClass:/Script/Landscape.Landscape Name:Landscape_UAID_00155D38A43DE4CF01_1763910879 Label:Landscape SpatiallyLoaded:0 Bounds:IsValid=true, Min=(X=-2005.373 Y=-1679.074 Z=647.358), Max=(X=-2005.373 Y=-1679.074 Z=647.358) RuntimeGrid:None EditorOnly:0 RuntimeOnly:0 HLODRelevant:0 ListedInSceneOutliner:1 IsMainWorldOnly:0
 |   |   |- [+] [ 51]
 |   |   |   |- Guid:FD76BDDA4773D9AFB227BBA6E75D180E BaseClass: NativeClass:/Script/Engine.StaticMeshActor Name:StaticMeshActor_UAID_00155D38A43DF4CF01_1378449702 Label:SM_Rock_5 SpatiallyLoaded:1 Bounds:IsValid=true, Min=(X=2618.773 Y=199.445 Z=650.263), Max=(X=4820.849 Y=2223.225 Z=2316.176) RuntimeGrid:None EditorOnly:0 RuntimeOnly:0 HLODRelevant:1 ListedInSceneOutliner:1 IsMainWorldOnly:0
 |   |   |- [+] [ 52]
 |   |   |   |- Guid:FDDD9A6C49AFA649074F9CA4DCB98891 BaseClass: NativeClass:/Script/Landscape.LandscapeStreamingProxy Name:LandscapeStreamingProxy_1TM89ZHLX9JV6T9RQ5IWQTMCH_1020_0_3_0 Label:LandscapeStreamingProxy_0_3_0 SpatiallyLoaded:1 Bounds:IsValid=true, Min=(X=-2005.373 Y=4440.926 Z=645.358), Max=(X=34.627 Y=6480.926 Z=679.404) RuntimeGrid:None EditorOnly:0 RuntimeOnly:0 HLODRelevant:1 ListedInSceneOutliner:1 IsMainWorldOnly:0
 |- ContainerInstances:
 |- [+] MainContainer:
 |   |-        ID: 00000000000000000000000000000000
 |   |-  ParentID: 00000000000000000000000000000000
 |   |-    Bounds: IsValid=false, Min=(X=0.000 Y=0.000 Z=0.000), Max=(X=0.000 Y=0.000 Z=0.000)
 |   |- Transform: 0.000000,0.000000,0.000000|0.000000,0.000000,-0.000000|1.000000,1.000000,1.000000
 |   |- Container: /Game/ThirdPerson/Maps/ThirdPersonMap
----------------------------------------------------------------------------------------------------------------
ThirdPersonMap - Persistent Level
----------------------------------------------------------------------------------------------------------------
[+] Content of ThirdPersonMap Persistent Level
 |- Always loaded Actor Count: 60 
 |- Actor Path: /Game/ThirdPerson/Maps/ThirdPersonMap.ThirdPersonMap:PersistentLevel.AbstractNavData-Default
 |- Actor Package: /Game/ThirdPerson/Maps/ThirdPersonMap
 |- Actor Path: /Game/ThirdPerson/Maps/ThirdPersonMap.ThirdPersonMap:PersistentLevel.AudioManager_C_UAID_00155D38A43D4ECF01_1552805479
 |- Actor Package: /Game/__ExternalActors__/ThirdPerson/Maps/ThirdPersonMap/8/WE/7LTPK61ZHTDHKM46DFPKW2
 |- Actor Path: /Game/ThirdPerson/Maps/ThirdPersonMap.ThirdPersonMap:PersistentLevel.Brush_0
 |- Actor Package: /Game/ThirdPerson/Maps/ThirdPersonMap
 |- Actor Path: /Game/ThirdPerson/Maps/ThirdPersonMap.ThirdPersonMap:PersistentLevel.DefaultPhysicsVolume_0
 |- Actor Package: /Game/ThirdPerson/Maps/ThirdPersonMap
 |- Actor Path: /Game/ThirdPerson/Maps/ThirdPersonMap.ThirdPersonMap:PersistentLevel.DirectionalLight_0
 |- Actor Package: /Game/__ExternalActors__/ThirdPerson/Maps/ThirdPersonMap/5/R1/TS5OQ5CRUWFZYL1ZQ7I416
 |- Actor Path: /Game/ThirdPerson/Maps/ThirdPersonMap.ThirdPersonMap:PersistentLevel.ExponentialHeightFog_0
 |- Actor Package: /Game/__ExternalActors__/ThirdPerson/Maps/ThirdPersonMap/6/J7/N10XDC9G27EMLS5AGZ6AVV
 |- Actor Path: /Game/ThirdPerson/Maps/ThirdPersonMap.ThirdPersonMap:PersistentLevel.GameplayDebuggerPlayerManager_0
 |- Actor Package: /Game/ThirdPerson/Maps/ThirdPersonMap
 |- Actor Path: /Game/ThirdPerson/Maps/ThirdPersonMap.ThirdPersonMap:PersistentLevel.IntroCam_C_UAID_00155D38A43DFECE01_1834570400
 |- Actor Package: /Game/__ExternalActors__/ThirdPerson/Maps/ThirdPersonMap/0/3E/A5FEUIUIN00366OHZ7032A
 |- Actor Path: /Game/ThirdPerson/Maps/ThirdPersonMap.ThirdPersonMap:PersistentLevel.Landscape_UAID_00155D38A43DE4CF01_1763910879
 |- Actor Package: /Game/__ExternalActors__/ThirdPerson/Maps/ThirdPersonMap/1/1Z/QG1JPBKF80O24I57XF5TCV
 |- Actor Path: /Game/ThirdPerson/Maps/ThirdPersonMap.ThirdPersonMap:PersistentLevel.LandscapeStreamingProxy_1TM89ZHLX9JV6T9RQ5IWQTMCH_1020_0_0_0
 |- Actor Package: /Game/__ExternalActors__/ThirdPerson/Maps/ThirdPersonMap/5/C4/7SJWK3HTWSCMJT9JM4KDAN
 |- Actor Path: /Game/ThirdPerson/Maps/ThirdPersonMap.ThirdPersonMap:PersistentLevel.LandscapeStreamingProxy_1TM89ZHLX9JV6T9RQ5IWQTMCH_1020_0_1_0
 |- Actor Package: /Game/__ExternalActors__/ThirdPerson/Maps/ThirdPersonMap/D/WF/KI4IRHM442Q7AUAL36YAZG
 |- Actor Path: /Game/ThirdPerson/Maps/ThirdPersonMap.ThirdPersonMap:PersistentLevel.LandscapeStreamingProxy_1TM89ZHLX9JV6T9RQ5IWQTMCH_1020_0_2_0
 |- Actor Package: /Game/__ExternalActors__/ThirdPerson/Maps/ThirdPersonMap/5/JM/61K2JY5SNBSF1YF816MTTA
 |- Actor Path: /Game/ThirdPerson/Maps/ThirdPersonMap.ThirdPersonMap:PersistentLevel.LandscapeStreamingProxy_1TM89ZHLX9JV6T9RQ5IWQTMCH_1020_0_3_0
 |- Actor Package: /Game/__ExternalActors__/ThirdPerson/Maps/ThirdPersonMap/0/1F/1GHCP2DRFL38OK45HSMXLU
 |- Actor Path: /Game/ThirdPerson/Maps/ThirdPersonMap.ThirdPersonMap:PersistentLevel.LandscapeStreamingProxy_1TM89ZHLX9JV6T9RQ5IWQTMCH_1020_1_0_0
 |- Actor Package: /Game/__ExternalActors__/ThirdPerson/Maps/ThirdPersonMap/A/VP/2P6PE3GS3N9T53HDAOKWD5
 |- Actor Path: /Game/ThirdPerson/Maps/ThirdPersonMap.ThirdPersonMap:PersistentLevel.LandscapeStreamingProxy_1TM89ZHLX9JV6T9RQ5IWQTMCH_1020_1_1_0
 |- Actor Package: /Game/__ExternalActors__/ThirdPerson/Maps/ThirdPersonMap/1/IQ/100YHYQIHNIT0WG7CUQ7DF
 |- Actor Path: /Game/ThirdPerson/Maps/ThirdPersonMap.ThirdPersonMap:PersistentLevel.LandscapeStreamingProxy_1TM89ZHLX9JV6T9RQ5IWQTMCH_1020_1_2_0
 |- Actor Package: /Game/__ExternalActors__/ThirdPerson/Maps/ThirdPersonMap/7/Z1/RA34W36DD6GLFWSI5M2CR5
 |- Actor Path: /Game/ThirdPerson/Maps/ThirdPersonMap.ThirdPersonMap:PersistentLevel.LandscapeStreamingProxy_1TM89ZHLX9JV6T9RQ5IWQTMCH_1020_1_3_0
 |- Actor Package: /Game/__ExternalActors__/ThirdPerson/Maps/ThirdPersonMap/B/TZ/36WT6JWO9A3A1E6ILAXEOL
 |- Actor Path: /Game/ThirdPerson/Maps/ThirdPersonMap.ThirdPersonMap:PersistentLevel.LandscapeStreamingProxy_1TM89ZHLX9JV6T9RQ5IWQTMCH_1020_2_0_0
 |- Actor Package: /Game/__ExternalActors__/ThirdPerson/Maps/ThirdPersonMap/C/VJ/AOBQOMHM3VGXG973KP9H9W
 |- Actor Path: /Game/ThirdPerson/Maps/ThirdPersonMap.ThirdPersonMap:PersistentLevel.LandscapeStreamingProxy_1TM89ZHLX9JV6T9RQ5IWQTMCH_1020_2_1_0
 |- Actor Package: /Game/__ExternalActors__/ThirdPerson/Maps/ThirdPersonMap/6/JW/G4QCJVSRK4TU2Q92TENE0A
 |- Actor Path: /Game/ThirdPerson/Maps/ThirdPersonMap.ThirdPersonMap:PersistentLevel.LandscapeStreamingProxy_1TM89ZHLX9JV6T9RQ5IWQTMCH_1020_2_2_0
 |- Actor Package: /Game/__ExternalActors__/ThirdPerson/Maps/ThirdPersonMap/C/LD/ZBTIKZAPP4EUMJXZN4SFVQ
 |- Actor Path: /Game/ThirdPerson/Maps/ThirdPersonMap.ThirdPersonMap:PersistentLevel.LandscapeStreamingProxy_1TM89ZHLX9JV6T9RQ5IWQTMCH_1020_2_3_0
 |- Actor Package: /Game/__ExternalActors__/ThirdPerson/Maps/ThirdPersonMap/4/ZW/WQYRD5ROJE4726O7USK3T2
 |- Actor Path: /Game/ThirdPerson/Maps/ThirdPersonMap.ThirdPersonMap:PersistentLevel.LandscapeStreamingProxy_1TM89ZHLX9JV6T9RQ5IWQTMCH_1020_3_0_0
 |- Actor Package: /Game/__ExternalActors__/ThirdPerson/Maps/ThirdPersonMap/2/VQ/1LZQN6QE2C1OC14AG1R35K
 |- Actor Path: /Game/ThirdPerson/Maps/ThirdPersonMap.ThirdPersonMap:PersistentLevel.LandscapeStreamingProxy_1TM89ZHLX9JV6T9RQ5IWQTMCH_1020_3_1_0
 |- Actor Package: /Game/__ExternalActors__/ThirdPerson/Maps/ThirdPersonMap/1/6D/I6J426OFKJ9YEBMPDP5JG6
 |- Actor Path: /Game/ThirdPerson/Maps/ThirdPersonMap.ThirdPersonMap:PersistentLevel.LandscapeStreamingProxy_1TM89ZHLX9JV6T9RQ5IWQTMCH_1020_3_2_0
 |- Actor Package: /Game/__ExternalActors__/ThirdPerson/Maps/ThirdPersonMap/B/CS/4UHDA5FF6NKN4SEM480RBB
 |- Actor Path: /Game/ThirdPerson/Maps/ThirdPersonMap.ThirdPersonMap:PersistentLevel.LandscapeStreamingProxy_1TM89ZHLX9JV6T9RQ5IWQTMCH_1020_3_3_0
 |- Actor Package: /Game/__ExternalActors__/ThirdPerson/Maps/ThirdPersonMap/9/QP/8Y3OID0LBUCHK3UTSROY1Z
 |- Actor Path: /Game/ThirdPerson/Maps/ThirdPersonMap.ThirdPersonMap:PersistentLevel.PlayerStart_0
 |- Actor Package: /Game/__ExternalActors__/ThirdPerson/Maps/ThirdPersonMap/D/DE/SWSI13675DVYIZ0N4NF7Y3
 |- Actor Path: /Game/ThirdPerson/Maps/ThirdPersonMap.ThirdPersonMap:PersistentLevel.PostProcessVolume_0
 |- Actor Package: /Game/__ExternalActors__/ThirdPerson/Maps/ThirdPersonMap/1/AZ/A7GPT109Y6ZTTJD4A7TXER
 |- Actor Path: /Game/ThirdPerson/Maps/ThirdPersonMap.ThirdPersonMap:PersistentLevel.Rock_C_UAID_00155D38A43D2ECF01_1324141848
 |- Actor Package: /Game/__ExternalActors__/ThirdPerson/Maps/ThirdPersonMap/3/MB/LG9X1NKRDKLI03K88T76R4
 |- Actor Path: /Game/ThirdPerson/Maps/ThirdPersonMap.ThirdPersonMap:PersistentLevel.SkyAtmosphere_0
 |- Actor Package: /Game/__ExternalActors__/ThirdPerson/Maps/ThirdPersonMap/4/LN/30UBDLYFFA5ZR7U4W4L4GG
 |- Actor Path: /Game/ThirdPerson/Maps/ThirdPersonMap.ThirdPersonMap:PersistentLevel.SkyLight_1
 |- Actor Package: /Game/__ExternalActors__/ThirdPerson/Maps/ThirdPersonMap/8/S1/DXUWD12MD3HRWVVXX076BY
 |- Actor Path: /Game/ThirdPerson/Maps/ThirdPersonMap.ThirdPersonMap:PersistentLevel.StaticMeshActor_UAID_00155D38A43DDECF01_1144325823
 |- Actor Package: /Game/__ExternalActors__/ThirdPerson/Maps/ThirdPersonMap/D/XD/BW8NJ8YLWPDLND4QD249P0
 |- Actor Path: /Game/ThirdPerson/Maps/ThirdPersonMap.ThirdPersonMap:PersistentLevel.StaticMeshActor_UAID_00155D38A43DE0CF01_1564639177
 |- Actor Package: /Game/__ExternalActors__/ThirdPerson/Maps/ThirdPersonMap/1/MS/PRUTAB1F55PFAIY2WKK482
 |- Actor Path: /Game/ThirdPerson/Maps/ThirdPersonMap.ThirdPersonMap:PersistentLevel.StaticMeshActor_UAID_00155D38A43DE0CF01_1827298178
 |- Actor Package: /Game/__ExternalActors__/ThirdPerson/Maps/ThirdPersonMap/C/4F/NR57C3M8G87E82C1PXZ0SH
 |- Actor Path: /Game/ThirdPerson/Maps/ThirdPersonMap.ThirdPersonMap:PersistentLevel.StaticMeshActor_UAID_00155D38A43DE0CF01_1840906179
 |- Actor Package: /Game/__ExternalActors__/ThirdPerson/Maps/ThirdPersonMap/B/G9/PA4I16N42PYQ4NGUSPOV3P
 |- Actor Path: /Game/ThirdPerson/Maps/ThirdPersonMap.ThirdPersonMap:PersistentLevel.StaticMeshActor_UAID_00155D38A43DE0CF01_1840907180
 |- Actor Package: /Game/__ExternalActors__/ThirdPerson/Maps/ThirdPersonMap/2/8F/TM1H29PUM6R5Q4ZUMK8DMO
 |- Actor Path: /Game/ThirdPerson/Maps/ThirdPersonMap.ThirdPersonMap:PersistentLevel.StaticMeshActor_UAID_00155D38A43DE0CF01_2112666182
 |- Actor Package: /Game/__ExternalActors__/ThirdPerson/Maps/ThirdPersonMap/3/VD/204J4LMQKQF28R7HH1UXJI
 |- Actor Path: /Game/ThirdPerson/Maps/ThirdPersonMap.ThirdPersonMap:PersistentLevel.StaticMeshActor_UAID_00155D38A43DE1CF01_1151216359
 |- Actor Package: /Game/__ExternalActors__/ThirdPerson/Maps/ThirdPersonMap/1/Y4/WZROATDNVJCYUKHTH5LSWC
 |- Actor Path: /Game/ThirdPerson/Maps/ThirdPersonMap.ThirdPersonMap:PersistentLevel.StaticMeshActor_UAID_00155D38A43DE1CF01_1207887360
 |- Actor Package: /Game/__ExternalActors__/ThirdPerson/Maps/ThirdPersonMap/6/E1/XZ6OPLW899YCPNO7DGOSDN
 |- Actor Path: /Game/ThirdPerson/Maps/ThirdPersonMap.ThirdPersonMap:PersistentLevel.StaticMeshActor_UAID_00155D38A43DE1CF01_1238879361
 |- Actor Package: /Game/__ExternalActors__/ThirdPerson/Maps/ThirdPersonMap/7/OT/9DS0N6VCCVIQA31NUNHBJT
 |- Actor Path: /Game/ThirdPerson/Maps/ThirdPersonMap.ThirdPersonMap:PersistentLevel.StaticMeshActor_UAID_00155D38A43DE1CF01_1303519363
 |- Actor Package: /Game/__ExternalActors__/ThirdPerson/Maps/ThirdPersonMap/5/1U/RI2KRHF165BCXT5JE9QQJ5
 |- Actor Path: /Game/ThirdPerson/Maps/ThirdPersonMap.ThirdPersonMap:PersistentLevel.StaticMeshActor_UAID_00155D38A43DE1CF01_1632921365
 |- Actor Package: /Game/__ExternalActors__/ThirdPerson/Maps/ThirdPersonMap/6/74/DVPG8G1FWM6V033L659711
 |- Actor Path: /Game/ThirdPerson/Maps/ThirdPersonMap.ThirdPersonMap:PersistentLevel.StaticMeshActor_UAID_00155D38A43DE1CF01_1761209366
 |- Actor Package: /Game/__ExternalActors__/ThirdPerson/Maps/ThirdPersonMap/9/41/FTTCPKJSR1OWEUAO2UKVHI
 |- Actor Path: /Game/ThirdPerson/Maps/ThirdPersonMap.ThirdPersonMap:PersistentLevel.StaticMeshActor_UAID_00155D38A43DE2CF01_1280648527
 |- Actor Package: /Game/__ExternalActors__/ThirdPerson/Maps/ThirdPersonMap/9/1D/UOI09THX7Z7V90EJP16RAV
 |- Actor Path: /Game/ThirdPerson/Maps/ThirdPersonMap.ThirdPersonMap:PersistentLevel.StaticMeshActor_UAID_00155D38A43DE2CF01_1626384531
 |- Actor Package: /Game/__ExternalActors__/ThirdPerson/Maps/ThirdPersonMap/4/55/WLHI3CLJ3UXAR2Y2KTKYTB
 |- Actor Path: /Game/ThirdPerson/Maps/ThirdPersonMap.ThirdPersonMap:PersistentLevel.StaticMeshActor_UAID_00155D38A43DE2CF01_1698353532
 |- Actor Package: /Game/__ExternalActors__/ThirdPerson/Maps/ThirdPersonMap/4/GR/I0TA0ZUDNHEYMVQUCI8QHK
 |- Actor Path: /Game/ThirdPerson/Maps/ThirdPersonMap.ThirdPersonMap:PersistentLevel.StaticMeshActor_UAID_00155D38A43DE2CF01_1974081533
 |- Actor Package: /Game/__ExternalActors__/ThirdPerson/Maps/ThirdPersonMap/2/73/3FLGC7YMTKQTQLYCQYNAS7
 |- Actor Path: /Game/ThirdPerson/Maps/ThirdPersonMap.ThirdPersonMap:PersistentLevel.StaticMeshActor_UAID_00155D38A43DF3CF01_1544265519
 |- Actor Package: /Game/__ExternalActors__/ThirdPerson/Maps/ThirdPersonMap/3/F5/2W70O6BLTGW52DF01WKQLV
 |- Actor Path: /Game/ThirdPerson/Maps/ThirdPersonMap.ThirdPersonMap:PersistentLevel.StaticMeshActor_UAID_00155D38A43DF4CF01_1166249699
 |- Actor Package: /Game/__ExternalActors__/ThirdPerson/Maps/ThirdPersonMap/A/88/FSCB93RYDUFU3YA4L493YS
 |- Actor Path: /Game/ThirdPerson/Maps/ThirdPersonMap.ThirdPersonMap:PersistentLevel.StaticMeshActor_UAID_00155D38A43DF4CF01_1346605700
 |- Actor Package: /Game/__ExternalActors__/ThirdPerson/Maps/ThirdPersonMap/A/HZ/46XFQ0LH0KYD2GJM4SOXMS
 |- Actor Path: /Game/ThirdPerson/Maps/ThirdPersonMap.ThirdPersonMap:PersistentLevel.StaticMeshActor_UAID_00155D38A43DF4CF01_1361711701
 |- Actor Package: /Game/__ExternalActors__/ThirdPerson/Maps/ThirdPersonMap/7/GZ/YKCLXVEG7VF3H94M4RCHEC
 |- Actor Path: /Game/ThirdPerson/Maps/ThirdPersonMap.ThirdPersonMap:PersistentLevel.StaticMeshActor_UAID_00155D38A43DF4CF01_1378449702
 |- Actor Package: /Game/__ExternalActors__/ThirdPerson/Maps/ThirdPersonMap/9/P6/SJ25KP5KXSLLLD7TJOU9HZ
 |- Actor Path: /Game/ThirdPerson/Maps/ThirdPersonMap.ThirdPersonMap:PersistentLevel.StaticMeshActor_UAID_00155D38A43DF4CF01_1423136703
 |- Actor Package: /Game/__ExternalActors__/ThirdPerson/Maps/ThirdPersonMap/D/L7/RXTZ7L3HN3B2P5T471C2C9
 |- Actor Path: /Game/ThirdPerson/Maps/ThirdPersonMap.ThirdPersonMap:PersistentLevel.StaticMeshActor_UAID_00155D38A43DFBCE01_1387880872
 |- Actor Package: /Game/__ExternalActors__/ThirdPerson/Maps/ThirdPersonMap/4/IO/K96Y7CYC14NHGSAFXP4N8D
 |- Actor Path: /Game/ThirdPerson/Maps/ThirdPersonMap.ThirdPersonMap:PersistentLevel.StaticMeshActor_UAID_A4AE111137DC5EFB00_1110535423
 |- Actor Package: /Game/__ExternalActors__/ThirdPerson/Maps/ThirdPersonMap/4/PN/2QISIGK5DJNQ05US8O8FXW
 |- Actor Path: /Game/ThirdPerson/Maps/ThirdPersonMap.ThirdPersonMap:PersistentLevel.TestPrompt_C_UAID_00155D38A43D41CF01_1255438193
 |- Actor Package: /Game/__ExternalActors__/ThirdPerson/Maps/ThirdPersonMap/5/LM/96ELOYH5EM3HV75J95SSES
 |- Actor Path: /Game/ThirdPerson/Maps/ThirdPersonMap.ThirdPersonMap:PersistentLevel.ThirdPersonMap_C_4
 |- Actor Package: /Game/ThirdPerson/Maps/ThirdPersonMap
 |- Actor Path: /Game/ThirdPerson/Maps/ThirdPersonMap.ThirdPersonMap:PersistentLevel.VolumetricCloud_0
 |- Actor Package: /Game/__ExternalActors__/ThirdPerson/Maps/ThirdPersonMap/3/EY/87SHEJN5UBEAN2K5OV1G6R
 |- Actor Path: /Game/ThirdPerson/Maps/ThirdPersonMap.ThirdPersonMap:PersistentLevel.WorldDataLayers
 |- Actor Package: /Game/__ExternalActors__/ThirdPerson/Maps/ThirdPersonMap/0/43/HYQWORMY4JDQ5X3OKZXFLC
 |- Actor Path: /Game/ThirdPerson/Maps/ThirdPersonMap.ThirdPersonMap:PersistentLevel.WorldInfo_0
 |- Actor Package: /Game/ThirdPerson/Maps/ThirdPersonMap
 |- Actor Path: /Game/ThirdPerson/Maps/ThirdPersonMap.ThirdPersonMap:PersistentLevel.WorldPartitionMiniMap_0
 |- Actor Package: /Game/__ExternalActors__/ThirdPerson/Maps/ThirdPersonMap/E/FR/LBG6LPN5JCL3FMVSI2CK6R

----------------------------------------------------------------------------------------------------------------
ThirdPersonMap - Runtime Spatial Hash - Streaming Grid - MainGrid
----------------------------------------------------------------------------------------------------------------
            Origin: X=0.000 Y=0.000 Z=0.000
         Cell Size: 12800
      World Bounds: IsValid=false, Min=(X=0.000 Y=0.000 Z=0.000), Max=(X=0.000 Y=0.000 Z=0.000)
     Loading Range: 25600.00
Block Slow Loading: No
 ClientOnlyVisible: No
            Origin: X=0.000 Y=0.000 Z=0.000

[+] Grid Levels: 1
 |- Level  0: Cell Count    0 | Cell Size   12800 | Actor Count    0 (0.0%)

[+] Content of Grid Level 0

